  Ballock.cpp
C:\Users\assort_75\Desktop\Git\Engine\Include\Object.h(1,1): warning C4819: 현재 코드 페이지(949)에서 표시할 수 없는 문자가 파일에 들어 있습니다. 데이터가 손실되지 않게 하려면 해당 파일을 유니코드 형식으로 저장하십시오.
  (소스 파일 'Monster/Ballock.cpp'을(를) 컴파일하는 중)
  
C:\Users\assort_75\Desktop\Git\Engine\Include\Matrix.h(1,1): warning C4819: 현재 코드 페이지(949)에서 표시할 수 없는 문자가 파일에 들어 있습니다. 데이터가 손실되지 않게 하려면 해당 파일을 유니코드 형식으로 저장하십시오.
  (소스 파일 'Monster/Ballock.cpp'을(를) 컴파일하는 중)
  
C:\Users\assort_75\Desktop\Git\Engine\Include\Vector2.h(1,1): warning C4819: 현재 코드 페이지(949)에서 표시할 수 없는 문자가 파일에 들어 있습니다. 데이터가 손실되지 않게 하려면 해당 파일을 유니코드 형식으로 저장하십시오.
  (소스 파일 'Monster/Ballock.cpp'을(를) 컴파일하는 중)
  
C:\Users\assort_75\Desktop\Git\Client\Monster\Monster.h(61,19): warning C4244: '=': 'int'에서 'float'(으)로 변환하면서 데이터가 손실될 수 있습니다.
  (소스 파일 'Monster/Ballock.cpp'을(를) 컴파일하는 중)
  
C:\Users\assort_75\Desktop\Git\Engine\Include\Timer.h(1,1): warning C4819: 현재 코드 페이지(949)에서 표시할 수 없는 문자가 파일에 들어 있습니다. 데이터가 손실되지 않게 하려면 해당 파일을 유니코드 형식으로 저장하십시오.
  (소스 파일 'Monster/Ballock.cpp'을(를) 컴파일하는 중)
  
C:\Users\assort_75\Desktop\Git\Engine\Include\Component\Animation2DSequence.h(1,1): warning C4819: 현재 코드 페이지(949)에서 표시할 수 없는 문자가 파일에 들어 있습니다. 데이터가 손실되지 않게 하려면 해당 파일을 유니코드 형식으로 저장하십시오.
  (소스 파일 'Monster/Ballock.cpp'을(를) 컴파일하는 중)
  
C:\Users\assort_75\Desktop\Git\Engine\Include\Asset\Animation2D\Animation2D.h(1,1): warning C4819: 현재 코드 페이지(949)에서 표시할 수 없는 문자가 파일에 들어 있습니다. 데이터가 손실되지 않게 하려면 해당 파일을 유니코드 형식으로 저장하십시오.
  (소스 파일 'Monster/Ballock.cpp'을(를) 컴파일하는 중)
  
C:\Users\assort_75\Desktop\Git\Engine\Include\Asset\Shader\CBufferContainer.h(1,1): warning C4819: 현재 코드 페이지(949)에서 표시할 수 없는 문자가 파일에 들어 있습니다. 데이터가 손실되지 않게 하려면 해당 파일을 유니코드 형식으로 저장하십시오.
  (소스 파일 'Monster/Ballock.cpp'을(를) 컴파일하는 중)
  
C:\Users\assort_75\Desktop\Git\Engine\Include\World\CameraManager.h(1,1): warning C4819: 현재 코드 페이지(949)에서 표시할 수 없는 문자가 파일에 들어 있습니다. 데이터가 손실되지 않게 하려면 해당 파일을 유니코드 형식으로 저장하십시오.
  (소스 파일 'Monster/Ballock.cpp'을(를) 컴파일하는 중)
  
C:\Users\assort_75\Desktop\Git\Engine\Include\Asset\Mesh\Mesh.h(1,1): warning C4819: 현재 코드 페이지(949)에서 표시할 수 없는 문자가 파일에 들어 있습니다. 데이터가 손실되지 않게 하려면 해당 파일을 유니코드 형식으로 저장하십시오.
  (소스 파일 'Monster/Ballock.cpp'을(를) 컴파일하는 중)
  
C:\Users\assort_75\Desktop\Git\Engine\Include\Asset\Material\Material.h(1,1): warning C4819: 현재 코드 페이지(949)에서 표시할 수 없는 문자가 파일에 들어 있습니다. 데이터가 손실되지 않게 하려면 해당 파일을 유니코드 형식으로 저장하십시오.
  (소스 파일 'Monster/Ballock.cpp'을(를) 컴파일하는 중)
  
C:\Users\assort_75\Desktop\Git\Engine\Include\Asset\Texture\Texture.h(1,1): warning C4819: 현재 코드 페이지(949)에서 표시할 수 없는 문자가 파일에 들어 있습니다. 데이터가 손실되지 않게 하려면 해당 파일을 유니코드 형식으로 저장하십시오.
  (소스 파일 'Monster/Ballock.cpp'을(를) 컴파일하는 중)
  
C:\Users\assort_75\Desktop\Git\Engine\Include\World\Input.h(1,1): warning C4819: 현재 코드 페이지(949)에서 표시할 수 없는 문자가 파일에 들어 있습니다. 데이터가 손실되지 않게 하려면 해당 파일을 유니코드 형식으로 저장하십시오.
  (소스 파일 'Monster/Ballock.cpp'을(를) 컴파일하는 중)
  
C:\Users\assort_75\Desktop\Git\Client\Monster\Ballock.cpp(65,11): warning C4244: '인수': 'float'에서 'int'(으)로 변환하면서 데이터가 손실될 수 있습니다.
C:\Users\assort_75\Desktop\Git\Client\Monster\Ballock.cpp(365,19): warning C4305: '인수': 'double'에서 'float'(으)로 잘립니다.
C:\Users\assort_75\Desktop\Git\Client\Monster\Ballock.cpp(378,19): warning C4305: '인수': 'double'에서 'float'(으)로 잘립니다.
  MonsterSpawnPoint.cpp
C:\Users\assort_75\Desktop\Git\Engine\Include\Object.h(1,1): warning C4819: 현재 코드 페이지(949)에서 표시할 수 없는 문자가 파일에 들어 있습니다. 데이터가 손실되지 않게 하려면 해당 파일을 유니코드 형식으로 저장하십시오.
  (소스 파일 'Monster/MonsterSpawnPoint.cpp'을(를) 컴파일하는 중)
  
C:\Users\assort_75\Desktop\Git\Engine\Include\Matrix.h(1,1): warning C4819: 현재 코드 페이지(949)에서 표시할 수 없는 문자가 파일에 들어 있습니다. 데이터가 손실되지 않게 하려면 해당 파일을 유니코드 형식으로 저장하십시오.
  (소스 파일 'Monster/MonsterSpawnPoint.cpp'을(를) 컴파일하는 중)
  
C:\Users\assort_75\Desktop\Git\Engine\Include\Vector2.h(1,1): warning C4819: 현재 코드 페이지(949)에서 표시할 수 없는 문자가 파일에 들어 있습니다. 데이터가 손실되지 않게 하려면 해당 파일을 유니코드 형식으로 저장하십시오.
  (소스 파일 'Monster/MonsterSpawnPoint.cpp'을(를) 컴파일하는 중)
  
C:\Users\assort_75\Desktop\Git\Client\Monster\Monster.h(61,19): warning C4244: '=': 'int'에서 'float'(으)로 변환하면서 데이터가 손실될 수 있습니다.
  (소스 파일 'Monster/MonsterSpawnPoint.cpp'을(를) 컴파일하는 중)
  
C:\Users\assort_75\Desktop\Git\Engine\Include\World\CameraManager.h(1,1): warning C4819: 현재 코드 페이지(949)에서 표시할 수 없는 문자가 파일에 들어 있습니다. 데이터가 손실되지 않게 하려면 해당 파일을 유니코드 형식으로 저장하십시오.
  (소스 파일 'Monster/MonsterSpawnPoint.cpp'을(를) 컴파일하는 중)
  
C:\Users\assort_75\Desktop\Git\Engine\Include\Asset\Mesh\Mesh.h(1,1): warning C4819: 현재 코드 페이지(949)에서 표시할 수 없는 문자가 파일에 들어 있습니다. 데이터가 손실되지 않게 하려면 해당 파일을 유니코드 형식으로 저장하십시오.
  (소스 파일 'Monster/MonsterSpawnPoint.cpp'을(를) 컴파일하는 중)
  
C:\Users\assort_75\Desktop\Git\Engine\Include\Asset\Material\Material.h(1,1): warning C4819: 현재 코드 페이지(949)에서 표시할 수 없는 문자가 파일에 들어 있습니다. 데이터가 손실되지 않게 하려면 해당 파일을 유니코드 형식으로 저장하십시오.
  (소스 파일 'Monster/MonsterSpawnPoint.cpp'을(를) 컴파일하는 중)
  
C:\Users\assort_75\Desktop\Git\Engine\Include\Asset\Shader\CBufferContainer.h(1,1): warning C4819: 현재 코드 페이지(949)에서 표시할 수 없는 문자가 파일에 들어 있습니다. 데이터가 손실되지 않게 하려면 해당 파일을 유니코드 형식으로 저장하십시오.
  (소스 파일 'Monster/MonsterSpawnPoint.cpp'을(를) 컴파일하는 중)
  
C:\Users\assort_75\Desktop\Git\Engine\Include\Asset\Texture\Texture.h(1,1): warning C4819: 현재 코드 페이지(949)에서 표시할 수 없는 문자가 파일에 들어 있습니다. 데이터가 손실되지 않게 하려면 해당 파일을 유니코드 형식으로 저장하십시오.
  (소스 파일 'Monster/MonsterSpawnPoint.cpp'을(를) 컴파일하는 중)
  
C:\Users\assort_75\Desktop\Git\Engine\Include\Asset\Animation2D\Animation2D.h(1,1): warning C4819: 현재 코드 페이지(949)에서 표시할 수 없는 문자가 파일에 들어 있습니다. 데이터가 손실되지 않게 하려면 해당 파일을 유니코드 형식으로 저장하십시오.
  (소스 파일 'Monster/MonsterSpawnPoint.cpp'을(를) 컴파일하는 중)
  
C:\Users\assort_75\Desktop\Git\Engine\Include\World\Input.h(1,1): warning C4819: 현재 코드 페이지(949)에서 표시할 수 없는 문자가 파일에 들어 있습니다. 데이터가 손실되지 않게 하려면 해당 파일을 유니코드 형식으로 저장하십시오.
  (소스 파일 'Monster/MonsterSpawnPoint.cpp'을(를) 컴파일하는 중)
  
C:\Users\assort_75\Desktop\Git\Client\Monster\MonsterSpawnPoint.cpp(195,20): warning C4244: '=': 'int'에서 'float'(으)로 변환하면서 데이터가 손실될 수 있습니다.
C:\Users\assort_75\Desktop\Git\Client\Monster\MonsterSpawnPoint.cpp(199,20): warning C4244: '=': 'int'에서 'float'(으)로 변환하면서 데이터가 손실될 수 있습니다.
C:\Users\assort_75\Desktop\Git\Client\Monster\MonsterSpawnPoint.cpp(203,20): warning C4244: '=': 'int'에서 'float'(으)로 변환하면서 데이터가 손실될 수 있습니다.
C:\Users\assort_75\Desktop\Git\Client\Monster\MonsterSpawnPoint.cpp(208,20): warning C4244: '=': 'int'에서 'float'(으)로 변환하면서 데이터가 손실될 수 있습니다.
  MainWorld.cpp
C:\Users\assort_75\Desktop\Git\Engine\Include\Matrix.h(1,1): warning C4819: 현재 코드 페이지(949)에서 표시할 수 없는 문자가 파일에 들어 있습니다. 데이터가 손실되지 않게 하려면 해당 파일을 유니코드 형식으로 저장하십시오.
  (소스 파일 'World/MainWorld.cpp'을(를) 컴파일하는 중)
  
C:\Users\assort_75\Desktop\Git\Engine\Include\Vector2.h(1,1): warning C4819: 현재 코드 페이지(949)에서 표시할 수 없는 문자가 파일에 들어 있습니다. 데이터가 손실되지 않게 하려면 해당 파일을 유니코드 형식으로 저장하십시오.
  (소스 파일 'World/MainWorld.cpp'을(를) 컴파일하는 중)
  
C:\Users\assort_75\Desktop\Git\Engine\Include\Object.h(1,1): warning C4819: 현재 코드 페이지(949)에서 표시할 수 없는 문자가 파일에 들어 있습니다. 데이터가 손실되지 않게 하려면 해당 파일을 유니코드 형식으로 저장하십시오.
  (소스 파일 'World/MainWorld.cpp'을(를) 컴파일하는 중)
  
C:\Users\assort_75\Desktop\Git\Engine\Include\World\CameraManager.h(1,1): warning C4819: 현재 코드 페이지(949)에서 표시할 수 없는 문자가 파일에 들어 있습니다. 데이터가 손실되지 않게 하려면 해당 파일을 유니코드 형식으로 저장하십시오.
  (소스 파일 'World/MainWorld.cpp'을(를) 컴파일하는 중)
  
C:\Users\assort_75\Desktop\Git\Engine\Include\Asset\Mesh\Mesh.h(1,1): warning C4819: 현재 코드 페이지(949)에서 표시할 수 없는 문자가 파일에 들어 있습니다. 데이터가 손실되지 않게 하려면 해당 파일을 유니코드 형식으로 저장하십시오.
  (소스 파일 'World/MainWorld.cpp'을(를) 컴파일하는 중)
  
C:\Users\assort_75\Desktop\Git\Engine\Include\Asset\Material\Material.h(1,1): warning C4819: 현재 코드 페이지(949)에서 표시할 수 없는 문자가 파일에 들어 있습니다. 데이터가 손실되지 않게 하려면 해당 파일을 유니코드 형식으로 저장하십시오.
  (소스 파일 'World/MainWorld.cpp'을(를) 컴파일하는 중)
  
C:\Users\assort_75\Desktop\Git\Engine\Include\Asset\Shader\CBufferContainer.h(1,1): warning C4819: 현재 코드 페이지(949)에서 표시할 수 없는 문자가 파일에 들어 있습니다. 데이터가 손실되지 않게 하려면 해당 파일을 유니코드 형식으로 저장하십시오.
  (소스 파일 'World/MainWorld.cpp'을(를) 컴파일하는 중)
  
C:\Users\assort_75\Desktop\Git\Engine\Include\Asset\Texture\Texture.h(1,1): warning C4819: 현재 코드 페이지(949)에서 표시할 수 없는 문자가 파일에 들어 있습니다. 데이터가 손실되지 않게 하려면 해당 파일을 유니코드 형식으로 저장하십시오.
  (소스 파일 'World/MainWorld.cpp'을(를) 컴파일하는 중)
  
C:\Users\assort_75\Desktop\Git\Engine\Include\Asset\Animation2D\Animation2D.h(1,1): warning C4819: 현재 코드 페이지(949)에서 표시할 수 없는 문자가 파일에 들어 있습니다. 데이터가 손실되지 않게 하려면 해당 파일을 유니코드 형식으로 저장하십시오.
  (소스 파일 'World/MainWorld.cpp'을(를) 컴파일하는 중)
  
C:\Users\assort_75\Desktop\Git\Engine\Include\World\Input.h(1,1): warning C4819: 현재 코드 페이지(949)에서 표시할 수 없는 문자가 파일에 들어 있습니다. 데이터가 손실되지 않게 하려면 해당 파일을 유니코드 형식으로 저장하십시오.
  (소스 파일 'World/MainWorld.cpp'을(를) 컴파일하는 중)
  
C:\Users\assort_75\Desktop\Git\Client\Monster\Monster.h(61,19): warning C4244: '=': 'int'에서 'float'(으)로 변환하면서 데이터가 손실될 수 있습니다.
  (소스 파일 'World/MainWorld.cpp'을(를) 컴파일하는 중)
  
C:\Users\assort_75\Desktop\Git\Client\World\MainWorld.cpp(42,54): warning C4305: '인수': 'double'에서 'float'(으)로 잘립니다.
C:\Users\assort_75\Desktop\Git\Client\World\MainWorld.cpp(42,48): warning C4305: '인수': 'double'에서 'float'(으)로 잘립니다.
C:\Users\assort_75\Desktop\Git\Client\World\MainWorld.cpp(42,42): warning C4305: '인수': 'double'에서 'float'(으)로 잘립니다.
  main.cpp
C:\Users\assort_75\Desktop\Git\Engine\Include\Engine.h(1,1): warning C4819: 현재 코드 페이지(949)에서 표시할 수 없는 문자가 파일에 들어 있습니다. 데이터가 손실되지 않게 하려면 해당 파일을 유니코드 형식으로 저장하십시오.
  (소스 파일 'main.cpp'을(를) 컴파일하는 중)
  
C:\Users\assort_75\Desktop\Git\Engine\Include\Matrix.h(1,1): warning C4819: 현재 코드 페이지(949)에서 표시할 수 없는 문자가 파일에 들어 있습니다. 데이터가 손실되지 않게 하려면 해당 파일을 유니코드 형식으로 저장하십시오.
  (소스 파일 'main.cpp'을(를) 컴파일하는 중)
  
C:\Users\assort_75\Desktop\Git\Engine\Include\Vector2.h(1,1): warning C4819: 현재 코드 페이지(949)에서 표시할 수 없는 문자가 파일에 들어 있습니다. 데이터가 손실되지 않게 하려면 해당 파일을 유니코드 형식으로 저장하십시오.
  (소스 파일 'main.cpp'을(를) 컴파일하는 중)
  
C:\Users\assort_75\Desktop\Git\Engine\Include\Object.h(1,1): warning C4819: 현재 코드 페이지(949)에서 표시할 수 없는 문자가 파일에 들어 있습니다. 데이터가 손실되지 않게 하려면 해당 파일을 유니코드 형식으로 저장하십시오.
  (소스 파일 'main.cpp'을(를) 컴파일하는 중)
  
C:\Users\assort_75\Desktop\Git\Engine\Include\World\CameraManager.h(1,1): warning C4819: 현재 코드 페이지(949)에서 표시할 수 없는 문자가 파일에 들어 있습니다. 데이터가 손실되지 않게 하려면 해당 파일을 유니코드 형식으로 저장하십시오.
  (소스 파일 'main.cpp'을(를) 컴파일하는 중)
  
C:\Users\assort_75\Desktop\Git\Engine\Include\Asset\Mesh\Mesh.h(1,1): warning C4819: 현재 코드 페이지(949)에서 표시할 수 없는 문자가 파일에 들어 있습니다. 데이터가 손실되지 않게 하려면 해당 파일을 유니코드 형식으로 저장하십시오.
  (소스 파일 'main.cpp'을(를) 컴파일하는 중)
  
C:\Users\assort_75\Desktop\Git\Engine\Include\Asset\Material\Material.h(1,1): warning C4819: 현재 코드 페이지(949)에서 표시할 수 없는 문자가 파일에 들어 있습니다. 데이터가 손실되지 않게 하려면 해당 파일을 유니코드 형식으로 저장하십시오.
  (소스 파일 'main.cpp'을(를) 컴파일하는 중)
  
C:\Users\assort_75\Desktop\Git\Engine\Include\Asset\Shader\CBufferContainer.h(1,1): warning C4819: 현재 코드 페이지(949)에서 표시할 수 없는 문자가 파일에 들어 있습니다. 데이터가 손실되지 않게 하려면 해당 파일을 유니코드 형식으로 저장하십시오.
  (소스 파일 'main.cpp'을(를) 컴파일하는 중)
  
C:\Users\assort_75\Desktop\Git\Engine\Include\Asset\Texture\Texture.h(1,1): warning C4819: 현재 코드 페이지(949)에서 표시할 수 없는 문자가 파일에 들어 있습니다. 데이터가 손실되지 않게 하려면 해당 파일을 유니코드 형식으로 저장하십시오.
  (소스 파일 'main.cpp'을(를) 컴파일하는 중)
  
C:\Users\assort_75\Desktop\Git\Engine\Include\Asset\Animation2D\Animation2D.h(1,1): warning C4819: 현재 코드 페이지(949)에서 표시할 수 없는 문자가 파일에 들어 있습니다. 데이터가 손실되지 않게 하려면 해당 파일을 유니코드 형식으로 저장하십시오.
  (소스 파일 'main.cpp'을(를) 컴파일하는 중)
  
C:\Users\assort_75\Desktop\Git\Engine\Include\World\Input.h(1,1): warning C4819: 현재 코드 페이지(949)에서 표시할 수 없는 문자가 파일에 들어 있습니다. 데이터가 손실되지 않게 하려면 해당 파일을 유니코드 형식으로 저장하십시오.
  (소스 파일 'main.cpp'을(를) 컴파일하는 중)
  
C:\Users\assort_75\Desktop\Git\Client\Monster\Monster.h(61,19): warning C4244: '=': 'int'에서 'float'(으)로 변환하면서 데이터가 손실될 수 있습니다.
  (소스 파일 'main.cpp'을(를) 컴파일하는 중)
  
  코드를 생성하고 있습니다...
  Client.vcxproj -> C:\Users\assort_75\Desktop\Git\Binary\Client_Debug.exe
