  Animation2D.cpp
C:\Users\assort_75\Desktop\Git\GameEngine\Asset\Animation2D\Animation2D.h(1,1): warning C4819: 현재 코드 페이지(949)에서 표시할 수 없는 문자가 파일에 들어 있습니다. 데이터가 손실되지 않게 하려면 해당 파일을 유니코드 형식으로 저장하십시오.
  (소스 파일 'Asset/Animation2D/Animation2D.cpp'을(를) 컴파일하는 중)
  
C:\Users\assort_75\Desktop\Git\GameEngine\Object.h(1,1): warning C4819: 현재 코드 페이지(949)에서 표시할 수 없는 문자가 파일에 들어 있습니다. 데이터가 손실되지 않게 하려면 해당 파일을 유니코드 형식으로 저장하십시오.
  (소스 파일 'Asset/Animation2D/Animation2D.cpp'을(를) 컴파일하는 중)
  
C:\Users\assort_75\Desktop\Git\GameEngine\Matrix.h(1,1): warning C4819: 현재 코드 페이지(949)에서 표시할 수 없는 문자가 파일에 들어 있습니다. 데이터가 손실되지 않게 하려면 해당 파일을 유니코드 형식으로 저장하십시오.
  (소스 파일 'Asset/Animation2D/Animation2D.cpp'을(를) 컴파일하는 중)
  
C:\Users\assort_75\Desktop\Git\GameEngine\Vector2.h(1,1): warning C4819: 현재 코드 페이지(949)에서 표시할 수 없는 문자가 파일에 들어 있습니다. 데이터가 손실되지 않게 하려면 해당 파일을 유니코드 형식으로 저장하십시오.
  (소스 파일 'Asset/Animation2D/Animation2D.cpp'을(를) 컴파일하는 중)
  
C:\Users\assort_75\Desktop\Git\GameEngine\Asset\Texture\Texture.h(1,1): warning C4819: 현재 코드 페이지(949)에서 표시할 수 없는 문자가 파일에 들어 있습니다. 데이터가 손실되지 않게 하려면 해당 파일을 유니코드 형식으로 저장하십시오.
  (소스 파일 'Asset/Animation2D/Animation2D.cpp'을(를) 컴파일하는 중)
  
C:\Users\assort_75\Desktop\Git\GameEngine\Asset\Shader\CBufferContainer.h(1,1): warning C4819: 현재 코드 페이지(949)에서 표시할 수 없는 문자가 파일에 들어 있습니다. 데이터가 손실되지 않게 하려면 해당 파일을 유니코드 형식으로 저장하십시오.
  (소스 파일 'Asset/Animation2D/Animation2D.cpp'을(를) 컴파일하는 중)
  
  Animation2DManager.cpp
C:\Users\assort_75\Desktop\Git\GameEngine\Asset\Animation2D\Animation2DManager.cpp(1,1): warning C4819: 현재 코드 페이지(949)에서 표시할 수 없는 문자가 파일에 들어 있습니다. 데이터가 손실되지 않게 하려면 해당 파일을 유니코드 형식으로 저장하십시오.
C:\Users\assort_75\Desktop\Git\GameEngine\Asset\Animation2D\Animation2D.h(1,1): warning C4819: 현재 코드 페이지(949)에서 표시할 수 없는 문자가 파일에 들어 있습니다. 데이터가 손실되지 않게 하려면 해당 파일을 유니코드 형식으로 저장하십시오.
  (소스 파일 'Asset/Animation2D/Animation2DManager.cpp'을(를) 컴파일하는 중)
  
C:\Users\assort_75\Desktop\Git\GameEngine\Object.h(1,1): warning C4819: 현재 코드 페이지(949)에서 표시할 수 없는 문자가 파일에 들어 있습니다. 데이터가 손실되지 않게 하려면 해당 파일을 유니코드 형식으로 저장하십시오.
  (소스 파일 'Asset/Animation2D/Animation2DManager.cpp'을(를) 컴파일하는 중)
  
C:\Users\assort_75\Desktop\Git\GameEngine\Matrix.h(1,1): warning C4819: 현재 코드 페이지(949)에서 표시할 수 없는 문자가 파일에 들어 있습니다. 데이터가 손실되지 않게 하려면 해당 파일을 유니코드 형식으로 저장하십시오.
  (소스 파일 'Asset/Animation2D/Animation2DManager.cpp'을(를) 컴파일하는 중)
  
C:\Users\assort_75\Desktop\Git\GameEngine\Vector2.h(1,1): warning C4819: 현재 코드 페이지(949)에서 표시할 수 없는 문자가 파일에 들어 있습니다. 데이터가 손실되지 않게 하려면 해당 파일을 유니코드 형식으로 저장하십시오.
  (소스 파일 'Asset/Animation2D/Animation2DManager.cpp'을(를) 컴파일하는 중)
  
C:\Users\assort_75\Desktop\Git\GameEngine\Asset\Texture\Texture.h(1,1): warning C4819: 현재 코드 페이지(949)에서 표시할 수 없는 문자가 파일에 들어 있습니다. 데이터가 손실되지 않게 하려면 해당 파일을 유니코드 형식으로 저장하십시오.
  (소스 파일 'Asset/Animation2D/Animation2DManager.cpp'을(를) 컴파일하는 중)
  
C:\Users\assort_75\Desktop\Git\GameEngine\Asset\Shader\CBufferContainer.h(1,1): warning C4819: 현재 코드 페이지(949)에서 표시할 수 없는 문자가 파일에 들어 있습니다. 데이터가 손실되지 않게 하려면 해당 파일을 유니코드 형식으로 저장하십시오.
  (소스 파일 'Asset/Animation2D/Animation2DManager.cpp'을(를) 컴파일하는 중)
  
  Asset.cpp
C:\Users\assort_75\Desktop\Git\GameEngine\Object.h(1,1): warning C4819: 현재 코드 페이지(949)에서 표시할 수 없는 문자가 파일에 들어 있습니다. 데이터가 손실되지 않게 하려면 해당 파일을 유니코드 형식으로 저장하십시오.
  (소스 파일 'Asset/Asset.cpp'을(를) 컴파일하는 중)
  
C:\Users\assort_75\Desktop\Git\GameEngine\Matrix.h(1,1): warning C4819: 현재 코드 페이지(949)에서 표시할 수 없는 문자가 파일에 들어 있습니다. 데이터가 손실되지 않게 하려면 해당 파일을 유니코드 형식으로 저장하십시오.
  (소스 파일 'Asset/Asset.cpp'을(를) 컴파일하는 중)
  
C:\Users\assort_75\Desktop\Git\GameEngine\Vector2.h(1,1): warning C4819: 현재 코드 페이지(949)에서 표시할 수 없는 문자가 파일에 들어 있습니다. 데이터가 손실되지 않게 하려면 해당 파일을 유니코드 형식으로 저장하십시오.
  (소스 파일 'Asset/Asset.cpp'을(를) 컴파일하는 중)
  
  AssetManager.cpp
C:\Users\assort_75\Desktop\Git\GameEngine\Asset\AssetManager.cpp(1,1): warning C4819: 현재 코드 페이지(949)에서 표시할 수 없는 문자가 파일에 들어 있습니다. 데이터가 손실되지 않게 하려면 해당 파일을 유니코드 형식으로 저장하십시오.
C:\Users\assort_75\Desktop\Git\GameEngine\Matrix.h(1,1): warning C4819: 현재 코드 페이지(949)에서 표시할 수 없는 문자가 파일에 들어 있습니다. 데이터가 손실되지 않게 하려면 해당 파일을 유니코드 형식으로 저장하십시오.
  (소스 파일 'Asset/AssetManager.cpp'을(를) 컴파일하는 중)
  
C:\Users\assort_75\Desktop\Git\GameEngine\Vector2.h(1,1): warning C4819: 현재 코드 페이지(949)에서 표시할 수 없는 문자가 파일에 들어 있습니다. 데이터가 손실되지 않게 하려면 해당 파일을 유니코드 형식으로 저장하십시오.
  (소스 파일 'Asset/AssetManager.cpp'을(를) 컴파일하는 중)
  
C:\Users\assort_75\Desktop\Git\GameEngine\Asset\Shader\ShaderManager.h(1,1): warning C4819: 현재 코드 페이지(949)에서 표시할 수 없는 문자가 파일에 들어 있습니다. 데이터가 손실되지 않게 하려면 해당 파일을 유니코드 형식으로 저장하십시오.
  (소스 파일 'Asset/AssetManager.cpp'을(를) 컴파일하는 중)
  
C:\Users\assort_75\Desktop\Git\GameEngine\Object.h(1,1): warning C4819: 현재 코드 페이지(949)에서 표시할 수 없는 문자가 파일에 들어 있습니다. 데이터가 손실되지 않게 하려면 해당 파일을 유니코드 형식으로 저장하십시오.
  (소스 파일 'Asset/AssetManager.cpp'을(를) 컴파일하는 중)
  
C:\Users\assort_75\Desktop\Git\GameEngine\Asset\Shader\CBufferContainer.h(1,1): warning C4819: 현재 코드 페이지(949)에서 표시할 수 없는 문자가 파일에 들어 있습니다. 데이터가 손실되지 않게 하려면 해당 파일을 유니코드 형식으로 저장하십시오.
  (소스 파일 'Asset/AssetManager.cpp'을(를) 컴파일하는 중)
  
C:\Users\assort_75\Desktop\Git\GameEngine\Asset\Texture\Texture.h(1,1): warning C4819: 현재 코드 페이지(949)에서 표시할 수 없는 문자가 파일에 들어 있습니다. 데이터가 손실되지 않게 하려면 해당 파일을 유니코드 형식으로 저장하십시오.
  (소스 파일 'Asset/AssetManager.cpp'을(를) 컴파일하는 중)
  
C:\Users\assort_75\Desktop\Git\GameEngine\Asset\Animation2D\Animation2D.h(1,1): warning C4819: 현재 코드 페이지(949)에서 표시할 수 없는 문자가 파일에 들어 있습니다. 데이터가 손실되지 않게 하려면 해당 파일을 유니코드 형식으로 저장하십시오.
  (소스 파일 'Asset/AssetManager.cpp'을(를) 컴파일하는 중)
  
  Material.cpp
C:\Users\assort_75\Desktop\Git\GameEngine\Asset\Material\Material.h(1,1): warning C4819: 현재 코드 페이지(949)에서 표시할 수 없는 문자가 파일에 들어 있습니다. 데이터가 손실되지 않게 하려면 해당 파일을 유니코드 형식으로 저장하십시오.
  (소스 파일 'Asset/Material/Material.cpp'을(를) 컴파일하는 중)
  
C:\Users\assort_75\Desktop\Git\GameEngine\Object.h(1,1): warning C4819: 현재 코드 페이지(949)에서 표시할 수 없는 문자가 파일에 들어 있습니다. 데이터가 손실되지 않게 하려면 해당 파일을 유니코드 형식으로 저장하십시오.
  (소스 파일 'Asset/Material/Material.cpp'을(를) 컴파일하는 중)
  
C:\Users\assort_75\Desktop\Git\GameEngine\Matrix.h(1,1): warning C4819: 현재 코드 페이지(949)에서 표시할 수 없는 문자가 파일에 들어 있습니다. 데이터가 손실되지 않게 하려면 해당 파일을 유니코드 형식으로 저장하십시오.
  (소스 파일 'Asset/Material/Material.cpp'을(를) 컴파일하는 중)
  
C:\Users\assort_75\Desktop\Git\GameEngine\Vector2.h(1,1): warning C4819: 현재 코드 페이지(949)에서 표시할 수 없는 문자가 파일에 들어 있습니다. 데이터가 손실되지 않게 하려면 해당 파일을 유니코드 형식으로 저장하십시오.
  (소스 파일 'Asset/Material/Material.cpp'을(를) 컴파일하는 중)
  
C:\Users\assort_75\Desktop\Git\GameEngine\Asset\Shader\CBufferContainer.h(1,1): warning C4819: 현재 코드 페이지(949)에서 표시할 수 없는 문자가 파일에 들어 있습니다. 데이터가 손실되지 않게 하려면 해당 파일을 유니코드 형식으로 저장하십시오.
  (소스 파일 'Asset/Material/Material.cpp'을(를) 컴파일하는 중)
  
C:\Users\assort_75\Desktop\Git\GameEngine\Asset\Shader\ConstantBufferData.h(1,1): warning C4819: 현재 코드 페이지(949)에서 표시할 수 없는 문자가 파일에 들어 있습니다. 데이터가 손실되지 않게 하려면 해당 파일을 유니코드 형식으로 저장하십시오.
  (소스 파일 'Asset/Material/Material.cpp'을(를) 컴파일하는 중)
  
C:\Users\assort_75\Desktop\Git\GameEngine\Asset\Texture\Texture.h(1,1): warning C4819: 현재 코드 페이지(949)에서 표시할 수 없는 문자가 파일에 들어 있습니다. 데이터가 손실되지 않게 하려면 해당 파일을 유니코드 형식으로 저장하십시오.
  (소스 파일 'Asset/Material/Material.cpp'을(를) 컴파일하는 중)
  
  MaterialManager.cpp
C:\Users\assort_75\Desktop\Git\GameEngine\Asset\Material\Material.h(1,1): warning C4819: 현재 코드 페이지(949)에서 표시할 수 없는 문자가 파일에 들어 있습니다. 데이터가 손실되지 않게 하려면 해당 파일을 유니코드 형식으로 저장하십시오.
  (소스 파일 'Asset/Material/MaterialManager.cpp'을(를) 컴파일하는 중)
  
C:\Users\assort_75\Desktop\Git\GameEngine\Object.h(1,1): warning C4819: 현재 코드 페이지(949)에서 표시할 수 없는 문자가 파일에 들어 있습니다. 데이터가 손실되지 않게 하려면 해당 파일을 유니코드 형식으로 저장하십시오.
  (소스 파일 'Asset/Material/MaterialManager.cpp'을(를) 컴파일하는 중)
  
C:\Users\assort_75\Desktop\Git\GameEngine\Matrix.h(1,1): warning C4819: 현재 코드 페이지(949)에서 표시할 수 없는 문자가 파일에 들어 있습니다. 데이터가 손실되지 않게 하려면 해당 파일을 유니코드 형식으로 저장하십시오.
  (소스 파일 'Asset/Material/MaterialManager.cpp'을(를) 컴파일하는 중)
  
C:\Users\assort_75\Desktop\Git\GameEngine\Vector2.h(1,1): warning C4819: 현재 코드 페이지(949)에서 표시할 수 없는 문자가 파일에 들어 있습니다. 데이터가 손실되지 않게 하려면 해당 파일을 유니코드 형식으로 저장하십시오.
  (소스 파일 'Asset/Material/MaterialManager.cpp'을(를) 컴파일하는 중)
  
C:\Users\assort_75\Desktop\Git\GameEngine\Asset\Shader\CBufferContainer.h(1,1): warning C4819: 현재 코드 페이지(949)에서 표시할 수 없는 문자가 파일에 들어 있습니다. 데이터가 손실되지 않게 하려면 해당 파일을 유니코드 형식으로 저장하십시오.
  (소스 파일 'Asset/Material/MaterialManager.cpp'을(를) 컴파일하는 중)
  
  Mesh.cpp
C:\Users\assort_75\Desktop\Git\GameEngine\Asset\Mesh\Mesh.cpp(1,1): warning C4819: 현재 코드 페이지(949)에서 표시할 수 없는 문자가 파일에 들어 있습니다. 데이터가 손실되지 않게 하려면 해당 파일을 유니코드 형식으로 저장하십시오.
C:\Users\assort_75\Desktop\Git\GameEngine\Asset\Mesh\Mesh.h(1,1): warning C4819: 현재 코드 페이지(949)에서 표시할 수 없는 문자가 파일에 들어 있습니다. 데이터가 손실되지 않게 하려면 해당 파일을 유니코드 형식으로 저장하십시오.
  (소스 파일 'Asset/Mesh/Mesh.cpp'을(를) 컴파일하는 중)
  
C:\Users\assort_75\Desktop\Git\GameEngine\Object.h(1,1): warning C4819: 현재 코드 페이지(949)에서 표시할 수 없는 문자가 파일에 들어 있습니다. 데이터가 손실되지 않게 하려면 해당 파일을 유니코드 형식으로 저장하십시오.
  (소스 파일 'Asset/Mesh/Mesh.cpp'을(를) 컴파일하는 중)
  
C:\Users\assort_75\Desktop\Git\GameEngine\Matrix.h(1,1): warning C4819: 현재 코드 페이지(949)에서 표시할 수 없는 문자가 파일에 들어 있습니다. 데이터가 손실되지 않게 하려면 해당 파일을 유니코드 형식으로 저장하십시오.
  (소스 파일 'Asset/Mesh/Mesh.cpp'을(를) 컴파일하는 중)
  
C:\Users\assort_75\Desktop\Git\GameEngine\Vector2.h(1,1): warning C4819: 현재 코드 페이지(949)에서 표시할 수 없는 문자가 파일에 들어 있습니다. 데이터가 손실되지 않게 하려면 해당 파일을 유니코드 형식으로 저장하십시오.
  (소스 파일 'Asset/Mesh/Mesh.cpp'을(를) 컴파일하는 중)
  
C:\Users\assort_75\Desktop\Git\GameEngine\Device.h(1,1): warning C4819: 현재 코드 페이지(949)에서 표시할 수 없는 문자가 파일에 들어 있습니다. 데이터가 손실되지 않게 하려면 해당 파일을 유니코드 형식으로 저장하십시오.
  (소스 파일 'Asset/Mesh/Mesh.cpp'을(를) 컴파일하는 중)
  
C:\Users\assort_75\Desktop\Git\GameEngine\Asset\Material\Material.h(1,1): warning C4819: 현재 코드 페이지(949)에서 표시할 수 없는 문자가 파일에 들어 있습니다. 데이터가 손실되지 않게 하려면 해당 파일을 유니코드 형식으로 저장하십시오.
  (소스 파일 'Asset/Mesh/Mesh.cpp'을(를) 컴파일하는 중)
  
C:\Users\assort_75\Desktop\Git\GameEngine\Asset\Shader\CBufferContainer.h(1,1): warning C4819: 현재 코드 페이지(949)에서 표시할 수 없는 문자가 파일에 들어 있습니다. 데이터가 손실되지 않게 하려면 해당 파일을 유니코드 형식으로 저장하십시오.
  (소스 파일 'Asset/Mesh/Mesh.cpp'을(를) 컴파일하는 중)
  
  MeshManager.cpp
C:\Users\assort_75\Desktop\Git\GameEngine\Asset\Mesh\MeshManager.cpp(1,1): warning C4819: 현재 코드 페이지(949)에서 표시할 수 없는 문자가 파일에 들어 있습니다. 데이터가 손실되지 않게 하려면 해당 파일을 유니코드 형식으로 저장하십시오.
C:\Users\assort_75\Desktop\Git\GameEngine\Matrix.h(1,1): warning C4819: 현재 코드 페이지(949)에서 표시할 수 없는 문자가 파일에 들어 있습니다. 데이터가 손실되지 않게 하려면 해당 파일을 유니코드 형식으로 저장하십시오.
  (소스 파일 'Asset/Mesh/MeshManager.cpp'을(를) 컴파일하는 중)
  
C:\Users\assort_75\Desktop\Git\GameEngine\Vector2.h(1,1): warning C4819: 현재 코드 페이지(949)에서 표시할 수 없는 문자가 파일에 들어 있습니다. 데이터가 손실되지 않게 하려면 해당 파일을 유니코드 형식으로 저장하십시오.
  (소스 파일 'Asset/Mesh/MeshManager.cpp'을(를) 컴파일하는 중)
  
C:\Users\assort_75\Desktop\Git\GameEngine\Asset\Mesh\Mesh.h(1,1): warning C4819: 현재 코드 페이지(949)에서 표시할 수 없는 문자가 파일에 들어 있습니다. 데이터가 손실되지 않게 하려면 해당 파일을 유니코드 형식으로 저장하십시오.
  (소스 파일 'Asset/Mesh/MeshManager.cpp'을(를) 컴파일하는 중)
  
C:\Users\assort_75\Desktop\Git\GameEngine\Object.h(1,1): warning C4819: 현재 코드 페이지(949)에서 표시할 수 없는 문자가 파일에 들어 있습니다. 데이터가 손실되지 않게 하려면 해당 파일을 유니코드 형식으로 저장하십시오.
  (소스 파일 'Asset/Mesh/MeshManager.cpp'을(를) 컴파일하는 중)
  
  PathManager.cpp
C:\Users\assort_75\Desktop\Git\GameEngine\Asset\PathManager.cpp(1,1): warning C4819: 현재 코드 페이지(949)에서 표시할 수 없는 문자가 파일에 들어 있습니다. 데이터가 손실되지 않게 하려면 해당 파일을 유니코드 형식으로 저장하십시오.
C:\Users\assort_75\Desktop\Git\GameEngine\Matrix.h(1,1): warning C4819: 현재 코드 페이지(949)에서 표시할 수 없는 문자가 파일에 들어 있습니다. 데이터가 손실되지 않게 하려면 해당 파일을 유니코드 형식으로 저장하십시오.
  (소스 파일 'Asset/PathManager.cpp'을(를) 컴파일하는 중)
  
C:\Users\assort_75\Desktop\Git\GameEngine\Vector2.h(1,1): warning C4819: 현재 코드 페이지(949)에서 표시할 수 없는 문자가 파일에 들어 있습니다. 데이터가 손실되지 않게 하려면 해당 파일을 유니코드 형식으로 저장하십시오.
  (소스 파일 'Asset/PathManager.cpp'을(를) 컴파일하는 중)
  
  CBufferAnimation2D.cpp
C:\Users\assort_75\Desktop\Git\GameEngine\Asset\Shader\ConstantBufferData.h(1,1): warning C4819: 현재 코드 페이지(949)에서 표시할 수 없는 문자가 파일에 들어 있습니다. 데이터가 손실되지 않게 하려면 해당 파일을 유니코드 형식으로 저장하십시오.
  (소스 파일 'Asset/Shader/CBufferAnimation2D.cpp'을(를) 컴파일하는 중)
  
C:\Users\assort_75\Desktop\Git\GameEngine\Matrix.h(1,1): warning C4819: 현재 코드 페이지(949)에서 표시할 수 없는 문자가 파일에 들어 있습니다. 데이터가 손실되지 않게 하려면 해당 파일을 유니코드 형식으로 저장하십시오.
  (소스 파일 'Asset/Shader/CBufferAnimation2D.cpp'을(를) 컴파일하는 중)
  
C:\Users\assort_75\Desktop\Git\GameEngine\Vector2.h(1,1): warning C4819: 현재 코드 페이지(949)에서 표시할 수 없는 문자가 파일에 들어 있습니다. 데이터가 손실되지 않게 하려면 해당 파일을 유니코드 형식으로 저장하십시오.
  (소스 파일 'Asset/Shader/CBufferAnimation2D.cpp'을(를) 컴파일하는 중)
  
C:\Users\assort_75\Desktop\Git\GameEngine\Asset\Shader\CBufferContainer.h(1,1): warning C4819: 현재 코드 페이지(949)에서 표시할 수 없는 문자가 파일에 들어 있습니다. 데이터가 손실되지 않게 하려면 해당 파일을 유니코드 형식으로 저장하십시오.
  (소스 파일 'Asset/Shader/CBufferAnimation2D.cpp'을(를) 컴파일하는 중)
  
C:\Users\assort_75\Desktop\Git\GameEngine\Asset\Shader\ConstantBuffer.h(1,1): warning C4819: 현재 코드 페이지(949)에서 표시할 수 없는 문자가 파일에 들어 있습니다. 데이터가 손실되지 않게 하려면 해당 파일을 유니코드 형식으로 저장하십시오.
  (소스 파일 'Asset/Shader/CBufferAnimation2D.cpp'을(를) 컴파일하는 중)
  
C:\Users\assort_75\Desktop\Git\GameEngine\Object.h(1,1): warning C4819: 현재 코드 페이지(949)에서 표시할 수 없는 문자가 파일에 들어 있습니다. 데이터가 손실되지 않게 하려면 해당 파일을 유니코드 형식으로 저장하십시오.
  (소스 파일 'Asset/Shader/CBufferAnimation2D.cpp'을(를) 컴파일하는 중)
  
  CBufferCollider.cpp
C:\Users\assort_75\Desktop\Git\GameEngine\Asset\Shader\ConstantBufferData.h(1,1): warning C4819: 현재 코드 페이지(949)에서 표시할 수 없는 문자가 파일에 들어 있습니다. 데이터가 손실되지 않게 하려면 해당 파일을 유니코드 형식으로 저장하십시오.
  (소스 파일 'Asset/Shader/CBufferCollider.cpp'을(를) 컴파일하는 중)
  
C:\Users\assort_75\Desktop\Git\GameEngine\Matrix.h(1,1): warning C4819: 현재 코드 페이지(949)에서 표시할 수 없는 문자가 파일에 들어 있습니다. 데이터가 손실되지 않게 하려면 해당 파일을 유니코드 형식으로 저장하십시오.
  (소스 파일 'Asset/Shader/CBufferCollider.cpp'을(를) 컴파일하는 중)
  
C:\Users\assort_75\Desktop\Git\GameEngine\Vector2.h(1,1): warning C4819: 현재 코드 페이지(949)에서 표시할 수 없는 문자가 파일에 들어 있습니다. 데이터가 손실되지 않게 하려면 해당 파일을 유니코드 형식으로 저장하십시오.
  (소스 파일 'Asset/Shader/CBufferCollider.cpp'을(를) 컴파일하는 중)
  
C:\Users\assort_75\Desktop\Git\GameEngine\Asset\Shader\CBufferContainer.h(1,1): warning C4819: 현재 코드 페이지(949)에서 표시할 수 없는 문자가 파일에 들어 있습니다. 데이터가 손실되지 않게 하려면 해당 파일을 유니코드 형식으로 저장하십시오.
  (소스 파일 'Asset/Shader/CBufferCollider.cpp'을(를) 컴파일하는 중)
  
C:\Users\assort_75\Desktop\Git\GameEngine\Asset\Shader\ConstantBuffer.h(1,1): warning C4819: 현재 코드 페이지(949)에서 표시할 수 없는 문자가 파일에 들어 있습니다. 데이터가 손실되지 않게 하려면 해당 파일을 유니코드 형식으로 저장하십시오.
  (소스 파일 'Asset/Shader/CBufferCollider.cpp'을(를) 컴파일하는 중)
  
C:\Users\assort_75\Desktop\Git\GameEngine\Object.h(1,1): warning C4819: 현재 코드 페이지(949)에서 표시할 수 없는 문자가 파일에 들어 있습니다. 데이터가 손실되지 않게 하려면 해당 파일을 유니코드 형식으로 저장하십시오.
  (소스 파일 'Asset/Shader/CBufferCollider.cpp'을(를) 컴파일하는 중)
  
  CBufferMaterial.cpp
C:\Users\assort_75\Desktop\Git\GameEngine\Asset\Shader\ConstantBufferData.h(1,1): warning C4819: 현재 코드 페이지(949)에서 표시할 수 없는 문자가 파일에 들어 있습니다. 데이터가 손실되지 않게 하려면 해당 파일을 유니코드 형식으로 저장하십시오.
  (소스 파일 'Asset/Shader/CBufferMaterial.cpp'을(를) 컴파일하는 중)
  
C:\Users\assort_75\Desktop\Git\GameEngine\Matrix.h(1,1): warning C4819: 현재 코드 페이지(949)에서 표시할 수 없는 문자가 파일에 들어 있습니다. 데이터가 손실되지 않게 하려면 해당 파일을 유니코드 형식으로 저장하십시오.
  (소스 파일 'Asset/Shader/CBufferMaterial.cpp'을(를) 컴파일하는 중)
  
C:\Users\assort_75\Desktop\Git\GameEngine\Vector2.h(1,1): warning C4819: 현재 코드 페이지(949)에서 표시할 수 없는 문자가 파일에 들어 있습니다. 데이터가 손실되지 않게 하려면 해당 파일을 유니코드 형식으로 저장하십시오.
  (소스 파일 'Asset/Shader/CBufferMaterial.cpp'을(를) 컴파일하는 중)
  
C:\Users\assort_75\Desktop\Git\GameEngine\Asset\Shader\CBufferContainer.h(1,1): warning C4819: 현재 코드 페이지(949)에서 표시할 수 없는 문자가 파일에 들어 있습니다. 데이터가 손실되지 않게 하려면 해당 파일을 유니코드 형식으로 저장하십시오.
  (소스 파일 'Asset/Shader/CBufferMaterial.cpp'을(를) 컴파일하는 중)
  
C:\Users\assort_75\Desktop\Git\GameEngine\Asset\Shader\ConstantBuffer.h(1,1): warning C4819: 현재 코드 페이지(949)에서 표시할 수 없는 문자가 파일에 들어 있습니다. 데이터가 손실되지 않게 하려면 해당 파일을 유니코드 형식으로 저장하십시오.
  (소스 파일 'Asset/Shader/CBufferMaterial.cpp'을(를) 컴파일하는 중)
  
C:\Users\assort_75\Desktop\Git\GameEngine\Object.h(1,1): warning C4819: 현재 코드 페이지(949)에서 표시할 수 없는 문자가 파일에 들어 있습니다. 데이터가 손실되지 않게 하려면 해당 파일을 유니코드 형식으로 저장하십시오.
  (소스 파일 'Asset/Shader/CBufferMaterial.cpp'을(를) 컴파일하는 중)
  
  CBufferTransform.cpp
C:\Users\assort_75\Desktop\Git\GameEngine\Asset\Shader\CBufferTransform.cpp(1,1): warning C4819: 현재 코드 페이지(949)에서 표시할 수 없는 문자가 파일에 들어 있습니다. 데이터가 손실되지 않게 하려면 해당 파일을 유니코드 형식으로 저장하십시오.
C:\Users\assort_75\Desktop\Git\GameEngine\Asset\Shader\ConstantBufferData.h(1,1): warning C4819: 현재 코드 페이지(949)에서 표시할 수 없는 문자가 파일에 들어 있습니다. 데이터가 손실되지 않게 하려면 해당 파일을 유니코드 형식으로 저장하십시오.
  (소스 파일 'Asset/Shader/CBufferTransform.cpp'을(를) 컴파일하는 중)
  
C:\Users\assort_75\Desktop\Git\GameEngine\Matrix.h(1,1): warning C4819: 현재 코드 페이지(949)에서 표시할 수 없는 문자가 파일에 들어 있습니다. 데이터가 손실되지 않게 하려면 해당 파일을 유니코드 형식으로 저장하십시오.
  (소스 파일 'Asset/Shader/CBufferTransform.cpp'을(를) 컴파일하는 중)
  
C:\Users\assort_75\Desktop\Git\GameEngine\Vector2.h(1,1): warning C4819: 현재 코드 페이지(949)에서 표시할 수 없는 문자가 파일에 들어 있습니다. 데이터가 손실되지 않게 하려면 해당 파일을 유니코드 형식으로 저장하십시오.
  (소스 파일 'Asset/Shader/CBufferTransform.cpp'을(를) 컴파일하는 중)
  
C:\Users\assort_75\Desktop\Git\GameEngine\Asset\Shader\CBufferContainer.h(1,1): warning C4819: 현재 코드 페이지(949)에서 표시할 수 없는 문자가 파일에 들어 있습니다. 데이터가 손실되지 않게 하려면 해당 파일을 유니코드 형식으로 저장하십시오.
  (소스 파일 'Asset/Shader/CBufferTransform.cpp'을(를) 컴파일하는 중)
  
C:\Users\assort_75\Desktop\Git\GameEngine\Asset\Shader\ConstantBuffer.h(1,1): warning C4819: 현재 코드 페이지(949)에서 표시할 수 없는 문자가 파일에 들어 있습니다. 데이터가 손실되지 않게 하려면 해당 파일을 유니코드 형식으로 저장하십시오.
  (소스 파일 'Asset/Shader/CBufferTransform.cpp'을(를) 컴파일하는 중)
  
C:\Users\assort_75\Desktop\Git\GameEngine\Object.h(1,1): warning C4819: 현재 코드 페이지(949)에서 표시할 수 없는 문자가 파일에 들어 있습니다. 데이터가 손실되지 않게 하려면 해당 파일을 유니코드 형식으로 저장하십시오.
  (소스 파일 'Asset/Shader/CBufferTransform.cpp'을(를) 컴파일하는 중)
  
  ComputeShader.cpp
C:\Users\assort_75\Desktop\Git\GameEngine\Object.h(1,1): warning C4819: 현재 코드 페이지(949)에서 표시할 수 없는 문자가 파일에 들어 있습니다. 데이터가 손실되지 않게 하려면 해당 파일을 유니코드 형식으로 저장하십시오.
  (소스 파일 'Asset/Shader/ComputeShader.cpp'을(를) 컴파일하는 중)
  
C:\Users\assort_75\Desktop\Git\GameEngine\Matrix.h(1,1): warning C4819: 현재 코드 페이지(949)에서 표시할 수 없는 문자가 파일에 들어 있습니다. 데이터가 손실되지 않게 하려면 해당 파일을 유니코드 형식으로 저장하십시오.
  (소스 파일 'Asset/Shader/ComputeShader.cpp'을(를) 컴파일하는 중)
  
C:\Users\assort_75\Desktop\Git\GameEngine\Vector2.h(1,1): warning C4819: 현재 코드 페이지(949)에서 표시할 수 없는 문자가 파일에 들어 있습니다. 데이터가 손실되지 않게 하려면 해당 파일을 유니코드 형식으로 저장하십시오.
  (소스 파일 'Asset/Shader/ComputeShader.cpp'을(를) 컴파일하는 중)
  
  ConstantBuffer.cpp
C:\Users\assort_75\Desktop\Git\GameEngine\Asset\Shader\ConstantBuffer.cpp(1,1): warning C4819: 현재 코드 페이지(949)에서 표시할 수 없는 문자가 파일에 들어 있습니다. 데이터가 손실되지 않게 하려면 해당 파일을 유니코드 형식으로 저장하십시오.
C:\Users\assort_75\Desktop\Git\GameEngine\Asset\Shader\ConstantBuffer.h(1,1): warning C4819: 현재 코드 페이지(949)에서 표시할 수 없는 문자가 파일에 들어 있습니다. 데이터가 손실되지 않게 하려면 해당 파일을 유니코드 형식으로 저장하십시오.
  (소스 파일 'Asset/Shader/ConstantBuffer.cpp'을(를) 컴파일하는 중)
  
C:\Users\assort_75\Desktop\Git\GameEngine\Object.h(1,1): warning C4819: 현재 코드 페이지(949)에서 표시할 수 없는 문자가 파일에 들어 있습니다. 데이터가 손실되지 않게 하려면 해당 파일을 유니코드 형식으로 저장하십시오.
  (소스 파일 'Asset/Shader/ConstantBuffer.cpp'을(를) 컴파일하는 중)
  
C:\Users\assort_75\Desktop\Git\GameEngine\Matrix.h(1,1): warning C4819: 현재 코드 페이지(949)에서 표시할 수 없는 문자가 파일에 들어 있습니다. 데이터가 손실되지 않게 하려면 해당 파일을 유니코드 형식으로 저장하십시오.
  (소스 파일 'Asset/Shader/ConstantBuffer.cpp'을(를) 컴파일하는 중)
  
C:\Users\assort_75\Desktop\Git\GameEngine\Vector2.h(1,1): warning C4819: 현재 코드 페이지(949)에서 표시할 수 없는 문자가 파일에 들어 있습니다. 데이터가 손실되지 않게 하려면 해당 파일을 유니코드 형식으로 저장하십시오.
  (소스 파일 'Asset/Shader/ConstantBuffer.cpp'을(를) 컴파일하는 중)
  
C:\Users\assort_75\Desktop\Git\GameEngine\Asset\Shader\CBufferContainer.h(1,1): warning C4819: 현재 코드 페이지(949)에서 표시할 수 없는 문자가 파일에 들어 있습니다. 데이터가 손실되지 않게 하려면 해당 파일을 유니코드 형식으로 저장하십시오.
  (소스 파일 'Asset/Shader/ConstantBuffer.cpp'을(를) 컴파일하는 중)
  
C:\Users\assort_75\Desktop\Git\GameEngine\Device.h(1,1): warning C4819: 현재 코드 페이지(949)에서 표시할 수 없는 문자가 파일에 들어 있습니다. 데이터가 손실되지 않게 하려면 해당 파일을 유니코드 형식으로 저장하십시오.
  (소스 파일 'Asset/Shader/ConstantBuffer.cpp'을(를) 컴파일하는 중)
  
  ConstantBufferData.cpp
C:\Users\assort_75\Desktop\Git\GameEngine\Asset\Shader\ConstantBufferData.h(1,1): warning C4819: 현재 코드 페이지(949)에서 표시할 수 없는 문자가 파일에 들어 있습니다. 데이터가 손실되지 않게 하려면 해당 파일을 유니코드 형식으로 저장하십시오.
  (소스 파일 'Asset/Shader/ConstantBufferData.cpp'을(를) 컴파일하는 중)
  
C:\Users\assort_75\Desktop\Git\GameEngine\Matrix.h(1,1): warning C4819: 현재 코드 페이지(949)에서 표시할 수 없는 문자가 파일에 들어 있습니다. 데이터가 손실되지 않게 하려면 해당 파일을 유니코드 형식으로 저장하십시오.
  (소스 파일 'Asset/Shader/ConstantBufferData.cpp'을(를) 컴파일하는 중)
  
C:\Users\assort_75\Desktop\Git\GameEngine\Vector2.h(1,1): warning C4819: 현재 코드 페이지(949)에서 표시할 수 없는 문자가 파일에 들어 있습니다. 데이터가 손실되지 않게 하려면 해당 파일을 유니코드 형식으로 저장하십시오.
  (소스 파일 'Asset/Shader/ConstantBufferData.cpp'을(를) 컴파일하는 중)
  
C:\Users\assort_75\Desktop\Git\GameEngine\Asset\Shader\CBufferContainer.h(1,1): warning C4819: 현재 코드 페이지(949)에서 표시할 수 없는 문자가 파일에 들어 있습니다. 데이터가 손실되지 않게 하려면 해당 파일을 유니코드 형식으로 저장하십시오.
  (소스 파일 'Asset/Shader/ConstantBufferData.cpp'을(를) 컴파일하는 중)
  
C:\Users\assort_75\Desktop\Git\GameEngine\Asset\Shader\ShaderManager.h(1,1): warning C4819: 현재 코드 페이지(949)에서 표시할 수 없는 문자가 파일에 들어 있습니다. 데이터가 손실되지 않게 하려면 해당 파일을 유니코드 형식으로 저장하십시오.
  (소스 파일 'Asset/Shader/ConstantBufferData.cpp'을(를) 컴파일하는 중)
  
C:\Users\assort_75\Desktop\Git\GameEngine\Object.h(1,1): warning C4819: 현재 코드 페이지(949)에서 표시할 수 없는 문자가 파일에 들어 있습니다. 데이터가 손실되지 않게 하려면 해당 파일을 유니코드 형식으로 저장하십시오.
  (소스 파일 'Asset/Shader/ConstantBufferData.cpp'을(를) 컴파일하는 중)
  
  GraphicShader.cpp
C:\Users\assort_75\Desktop\Git\GameEngine\Asset\Shader\GraphicShader.cpp(1,1): warning C4819: 현재 코드 페이지(949)에서 표시할 수 없는 문자가 파일에 들어 있습니다. 데이터가 손실되지 않게 하려면 해당 파일을 유니코드 형식으로 저장하십시오.
C:\Users\assort_75\Desktop\Git\GameEngine\Asset\Shader\GraphicShader.h(1,1): warning C4819: 현재 코드 페이지(949)에서 표시할 수 없는 문자가 파일에 들어 있습니다. 데이터가 손실되지 않게 하려면 해당 파일을 유니코드 형식으로 저장하십시오.
  (소스 파일 'Asset/Shader/GraphicShader.cpp'을(를) 컴파일하는 중)
  
C:\Users\assort_75\Desktop\Git\GameEngine\Object.h(1,1): warning C4819: 현재 코드 페이지(949)에서 표시할 수 없는 문자가 파일에 들어 있습니다. 데이터가 손실되지 않게 하려면 해당 파일을 유니코드 형식으로 저장하십시오.
  (소스 파일 'Asset/Shader/GraphicShader.cpp'을(를) 컴파일하는 중)
  
C:\Users\assort_75\Desktop\Git\GameEngine\Matrix.h(1,1): warning C4819: 현재 코드 페이지(949)에서 표시할 수 없는 문자가 파일에 들어 있습니다. 데이터가 손실되지 않게 하려면 해당 파일을 유니코드 형식으로 저장하십시오.
  (소스 파일 'Asset/Shader/GraphicShader.cpp'을(를) 컴파일하는 중)
  
C:\Users\assort_75\Desktop\Git\GameEngine\Vector2.h(1,1): warning C4819: 현재 코드 페이지(949)에서 표시할 수 없는 문자가 파일에 들어 있습니다. 데이터가 손실되지 않게 하려면 해당 파일을 유니코드 형식으로 저장하십시오.
  (소스 파일 'Asset/Shader/GraphicShader.cpp'을(를) 컴파일하는 중)
  
C:\Users\assort_75\Desktop\Git\GameEngine\Device.h(1,1): warning C4819: 현재 코드 페이지(949)에서 표시할 수 없는 문자가 파일에 들어 있습니다. 데이터가 손실되지 않게 하려면 해당 파일을 유니코드 형식으로 저장하십시오.
  (소스 파일 'Asset/Shader/GraphicShader.cpp'을(를) 컴파일하는 중)
  
  Shader.cpp
C:\Users\assort_75\Desktop\Git\GameEngine\Object.h(1,1): warning C4819: 현재 코드 페이지(949)에서 표시할 수 없는 문자가 파일에 들어 있습니다. 데이터가 손실되지 않게 하려면 해당 파일을 유니코드 형식으로 저장하십시오.
  (소스 파일 'Asset/Shader/Shader.cpp'을(를) 컴파일하는 중)
  
C:\Users\assort_75\Desktop\Git\GameEngine\Matrix.h(1,1): warning C4819: 현재 코드 페이지(949)에서 표시할 수 없는 문자가 파일에 들어 있습니다. 데이터가 손실되지 않게 하려면 해당 파일을 유니코드 형식으로 저장하십시오.
  (소스 파일 'Asset/Shader/Shader.cpp'을(를) 컴파일하는 중)
  
C:\Users\assort_75\Desktop\Git\GameEngine\Vector2.h(1,1): warning C4819: 현재 코드 페이지(949)에서 표시할 수 없는 문자가 파일에 들어 있습니다. 데이터가 손실되지 않게 하려면 해당 파일을 유니코드 형식으로 저장하십시오.
  (소스 파일 'Asset/Shader/Shader.cpp'을(를) 컴파일하는 중)
  
  ShaderCollider.cpp
C:\Users\assort_75\Desktop\Git\GameEngine\Asset\Shader\ShaderCollider.cpp(1,1): warning C4819: 현재 코드 페이지(949)에서 표시할 수 없는 문자가 파일에 들어 있습니다. 데이터가 손실되지 않게 하려면 해당 파일을 유니코드 형식으로 저장하십시오.
C:\Users\assort_75\Desktop\Git\GameEngine\Asset\Shader\GraphicShader.h(1,1): warning C4819: 현재 코드 페이지(949)에서 표시할 수 없는 문자가 파일에 들어 있습니다. 데이터가 손실되지 않게 하려면 해당 파일을 유니코드 형식으로 저장하십시오.
  (소스 파일 'Asset/Shader/ShaderCollider.cpp'을(를) 컴파일하는 중)
  
C:\Users\assort_75\Desktop\Git\GameEngine\Object.h(1,1): warning C4819: 현재 코드 페이지(949)에서 표시할 수 없는 문자가 파일에 들어 있습니다. 데이터가 손실되지 않게 하려면 해당 파일을 유니코드 형식으로 저장하십시오.
  (소스 파일 'Asset/Shader/ShaderCollider.cpp'을(를) 컴파일하는 중)
  
C:\Users\assort_75\Desktop\Git\GameEngine\Matrix.h(1,1): warning C4819: 현재 코드 페이지(949)에서 표시할 수 없는 문자가 파일에 들어 있습니다. 데이터가 손실되지 않게 하려면 해당 파일을 유니코드 형식으로 저장하십시오.
  (소스 파일 'Asset/Shader/ShaderCollider.cpp'을(를) 컴파일하는 중)
  
C:\Users\assort_75\Desktop\Git\GameEngine\Vector2.h(1,1): warning C4819: 현재 코드 페이지(949)에서 표시할 수 없는 문자가 파일에 들어 있습니다. 데이터가 손실되지 않게 하려면 해당 파일을 유니코드 형식으로 저장하십시오.
  (소스 파일 'Asset/Shader/ShaderCollider.cpp'을(를) 컴파일하는 중)
  
  ShaderColor2D.cpp
C:\Users\assort_75\Desktop\Git\GameEngine\Asset\Shader\ShaderColor2D.cpp(1,1): warning C4819: 현재 코드 페이지(949)에서 표시할 수 없는 문자가 파일에 들어 있습니다. 데이터가 손실되지 않게 하려면 해당 파일을 유니코드 형식으로 저장하십시오.
C:\Users\assort_75\Desktop\Git\GameEngine\Asset\Shader\GraphicShader.h(1,1): warning C4819: 현재 코드 페이지(949)에서 표시할 수 없는 문자가 파일에 들어 있습니다. 데이터가 손실되지 않게 하려면 해당 파일을 유니코드 형식으로 저장하십시오.
  (소스 파일 'Asset/Shader/ShaderColor2D.cpp'을(를) 컴파일하는 중)
  
C:\Users\assort_75\Desktop\Git\GameEngine\Object.h(1,1): warning C4819: 현재 코드 페이지(949)에서 표시할 수 없는 문자가 파일에 들어 있습니다. 데이터가 손실되지 않게 하려면 해당 파일을 유니코드 형식으로 저장하십시오.
  (소스 파일 'Asset/Shader/ShaderColor2D.cpp'을(를) 컴파일하는 중)
  
C:\Users\assort_75\Desktop\Git\GameEngine\Matrix.h(1,1): warning C4819: 현재 코드 페이지(949)에서 표시할 수 없는 문자가 파일에 들어 있습니다. 데이터가 손실되지 않게 하려면 해당 파일을 유니코드 형식으로 저장하십시오.
  (소스 파일 'Asset/Shader/ShaderColor2D.cpp'을(를) 컴파일하는 중)
  
C:\Users\assort_75\Desktop\Git\GameEngine\Vector2.h(1,1): warning C4819: 현재 코드 페이지(949)에서 표시할 수 없는 문자가 파일에 들어 있습니다. 데이터가 손실되지 않게 하려면 해당 파일을 유니코드 형식으로 저장하십시오.
  (소스 파일 'Asset/Shader/ShaderColor2D.cpp'을(를) 컴파일하는 중)
  
  코드를 생성하고 있습니다...
  컴파일하고 있습니다...
  ShaderManager.cpp
C:\Users\assort_75\Desktop\Git\GameEngine\Asset\Shader\ShaderManager.cpp(1,1): warning C4819: 현재 코드 페이지(949)에서 표시할 수 없는 문자가 파일에 들어 있습니다. 데이터가 손실되지 않게 하려면 해당 파일을 유니코드 형식으로 저장하십시오.
C:\Users\assort_75\Desktop\Git\GameEngine\Asset\Shader\ShaderManager.h(1,1): warning C4819: 현재 코드 페이지(949)에서 표시할 수 없는 문자가 파일에 들어 있습니다. 데이터가 손실되지 않게 하려면 해당 파일을 유니코드 형식으로 저장하십시오.
  (소스 파일 'Asset/Shader/ShaderManager.cpp'을(를) 컴파일하는 중)
  
C:\Users\assort_75\Desktop\Git\GameEngine\Matrix.h(1,1): warning C4819: 현재 코드 페이지(949)에서 표시할 수 없는 문자가 파일에 들어 있습니다. 데이터가 손실되지 않게 하려면 해당 파일을 유니코드 형식으로 저장하십시오.
  (소스 파일 'Asset/Shader/ShaderManager.cpp'을(를) 컴파일하는 중)
  
C:\Users\assort_75\Desktop\Git\GameEngine\Vector2.h(1,1): warning C4819: 현재 코드 페이지(949)에서 표시할 수 없는 문자가 파일에 들어 있습니다. 데이터가 손실되지 않게 하려면 해당 파일을 유니코드 형식으로 저장하십시오.
  (소스 파일 'Asset/Shader/ShaderManager.cpp'을(를) 컴파일하는 중)
  
C:\Users\assort_75\Desktop\Git\GameEngine\Object.h(1,1): warning C4819: 현재 코드 페이지(949)에서 표시할 수 없는 문자가 파일에 들어 있습니다. 데이터가 손실되지 않게 하려면 해당 파일을 유니코드 형식으로 저장하십시오.
  (소스 파일 'Asset/Shader/ShaderManager.cpp'을(를) 컴파일하는 중)
  
C:\Users\assort_75\Desktop\Git\GameEngine\Asset\Shader\CBufferContainer.h(1,1): warning C4819: 현재 코드 페이지(949)에서 표시할 수 없는 문자가 파일에 들어 있습니다. 데이터가 손실되지 않게 하려면 해당 파일을 유니코드 형식으로 저장하십시오.
  (소스 파일 'Asset/Shader/ShaderManager.cpp'을(를) 컴파일하는 중)
  
C:\Users\assort_75\Desktop\Git\GameEngine\Asset\Shader\GraphicShader.h(1,1): warning C4819: 현재 코드 페이지(949)에서 표시할 수 없는 문자가 파일에 들어 있습니다. 데이터가 손실되지 않게 하려면 해당 파일을 유니코드 형식으로 저장하십시오.
  (소스 파일 'Asset/Shader/ShaderManager.cpp'을(를) 컴파일하는 중)
  
C:\Users\assort_75\Desktop\Git\GameEngine\Asset\Shader\ConstantBuffer.h(1,1): warning C4819: 현재 코드 페이지(949)에서 표시할 수 없는 문자가 파일에 들어 있습니다. 데이터가 손실되지 않게 하려면 해당 파일을 유니코드 형식으로 저장하십시오.
  (소스 파일 'Asset/Shader/ShaderManager.cpp'을(를) 컴파일하는 중)
  
  ShaderMaterialColor2D.cpp
C:\Users\assort_75\Desktop\Git\GameEngine\Asset\Shader\ShaderMaterialColor2D.cpp(1,1): warning C4819: 현재 코드 페이지(949)에서 표시할 수 없는 문자가 파일에 들어 있습니다. 데이터가 손실되지 않게 하려면 해당 파일을 유니코드 형식으로 저장하십시오.
C:\Users\assort_75\Desktop\Git\GameEngine\Asset\Shader\GraphicShader.h(1,1): warning C4819: 현재 코드 페이지(949)에서 표시할 수 없는 문자가 파일에 들어 있습니다. 데이터가 손실되지 않게 하려면 해당 파일을 유니코드 형식으로 저장하십시오.
  (소스 파일 'Asset/Shader/ShaderMaterialColor2D.cpp'을(를) 컴파일하는 중)
  
C:\Users\assort_75\Desktop\Git\GameEngine\Object.h(1,1): warning C4819: 현재 코드 페이지(949)에서 표시할 수 없는 문자가 파일에 들어 있습니다. 데이터가 손실되지 않게 하려면 해당 파일을 유니코드 형식으로 저장하십시오.
  (소스 파일 'Asset/Shader/ShaderMaterialColor2D.cpp'을(를) 컴파일하는 중)
  
C:\Users\assort_75\Desktop\Git\GameEngine\Matrix.h(1,1): warning C4819: 현재 코드 페이지(949)에서 표시할 수 없는 문자가 파일에 들어 있습니다. 데이터가 손실되지 않게 하려면 해당 파일을 유니코드 형식으로 저장하십시오.
  (소스 파일 'Asset/Shader/ShaderMaterialColor2D.cpp'을(를) 컴파일하는 중)
  
C:\Users\assort_75\Desktop\Git\GameEngine\Vector2.h(1,1): warning C4819: 현재 코드 페이지(949)에서 표시할 수 없는 문자가 파일에 들어 있습니다. 데이터가 손실되지 않게 하려면 해당 파일을 유니코드 형식으로 저장하십시오.
  (소스 파일 'Asset/Shader/ShaderMaterialColor2D.cpp'을(를) 컴파일하는 중)
  
  ShaderTexture2D.cpp
C:\Users\assort_75\Desktop\Git\GameEngine\Asset\Shader\ShaderTexture2D.cpp(1,1): warning C4819: 현재 코드 페이지(949)에서 표시할 수 없는 문자가 파일에 들어 있습니다. 데이터가 손실되지 않게 하려면 해당 파일을 유니코드 형식으로 저장하십시오.
C:\Users\assort_75\Desktop\Git\GameEngine\Asset\Shader\GraphicShader.h(1,1): warning C4819: 현재 코드 페이지(949)에서 표시할 수 없는 문자가 파일에 들어 있습니다. 데이터가 손실되지 않게 하려면 해당 파일을 유니코드 형식으로 저장하십시오.
  (소스 파일 'Asset/Shader/ShaderTexture2D.cpp'을(를) 컴파일하는 중)
  
C:\Users\assort_75\Desktop\Git\GameEngine\Object.h(1,1): warning C4819: 현재 코드 페이지(949)에서 표시할 수 없는 문자가 파일에 들어 있습니다. 데이터가 손실되지 않게 하려면 해당 파일을 유니코드 형식으로 저장하십시오.
  (소스 파일 'Asset/Shader/ShaderTexture2D.cpp'을(를) 컴파일하는 중)
  
C:\Users\assort_75\Desktop\Git\GameEngine\Matrix.h(1,1): warning C4819: 현재 코드 페이지(949)에서 표시할 수 없는 문자가 파일에 들어 있습니다. 데이터가 손실되지 않게 하려면 해당 파일을 유니코드 형식으로 저장하십시오.
  (소스 파일 'Asset/Shader/ShaderTexture2D.cpp'을(를) 컴파일하는 중)
  
C:\Users\assort_75\Desktop\Git\GameEngine\Vector2.h(1,1): warning C4819: 현재 코드 페이지(949)에서 표시할 수 없는 문자가 파일에 들어 있습니다. 데이터가 손실되지 않게 하려면 해당 파일을 유니코드 형식으로 저장하십시오.
  (소스 파일 'Asset/Shader/ShaderTexture2D.cpp'을(를) 컴파일하는 중)
  
  Texture.cpp
C:\Users\assort_75\Desktop\Git\GameEngine\Asset\Texture\Texture.cpp(1,1): warning C4819: 현재 코드 페이지(949)에서 표시할 수 없는 문자가 파일에 들어 있습니다. 데이터가 손실되지 않게 하려면 해당 파일을 유니코드 형식으로 저장하십시오.
C:\Users\assort_75\Desktop\Git\GameEngine\Asset\Texture\Texture.h(1,1): warning C4819: 현재 코드 페이지(949)에서 표시할 수 없는 문자가 파일에 들어 있습니다. 데이터가 손실되지 않게 하려면 해당 파일을 유니코드 형식으로 저장하십시오.
  (소스 파일 'Asset/Texture/Texture.cpp'을(를) 컴파일하는 중)
  
C:\Users\assort_75\Desktop\Git\GameEngine\Object.h(1,1): warning C4819: 현재 코드 페이지(949)에서 표시할 수 없는 문자가 파일에 들어 있습니다. 데이터가 손실되지 않게 하려면 해당 파일을 유니코드 형식으로 저장하십시오.
  (소스 파일 'Asset/Texture/Texture.cpp'을(를) 컴파일하는 중)
  
C:\Users\assort_75\Desktop\Git\GameEngine\Matrix.h(1,1): warning C4819: 현재 코드 페이지(949)에서 표시할 수 없는 문자가 파일에 들어 있습니다. 데이터가 손실되지 않게 하려면 해당 파일을 유니코드 형식으로 저장하십시오.
  (소스 파일 'Asset/Texture/Texture.cpp'을(를) 컴파일하는 중)
  
C:\Users\assort_75\Desktop\Git\GameEngine\Vector2.h(1,1): warning C4819: 현재 코드 페이지(949)에서 표시할 수 없는 문자가 파일에 들어 있습니다. 데이터가 손실되지 않게 하려면 해당 파일을 유니코드 형식으로 저장하십시오.
  (소스 파일 'Asset/Texture/Texture.cpp'을(를) 컴파일하는 중)
  
C:\Users\assort_75\Desktop\Git\GameEngine\Asset\Shader\CBufferContainer.h(1,1): warning C4819: 현재 코드 페이지(949)에서 표시할 수 없는 문자가 파일에 들어 있습니다. 데이터가 손실되지 않게 하려면 해당 파일을 유니코드 형식으로 저장하십시오.
  (소스 파일 'Asset/Texture/Texture.cpp'을(를) 컴파일하는 중)
  
C:\Users\assort_75\Desktop\Git\GameEngine\Device.h(1,1): warning C4819: 현재 코드 페이지(949)에서 표시할 수 없는 문자가 파일에 들어 있습니다. 데이터가 손실되지 않게 하려면 해당 파일을 유니코드 형식으로 저장하십시오.
  (소스 파일 'Asset/Texture/Texture.cpp'을(를) 컴파일하는 중)
  
  TextureManager.cpp
C:\Users\assort_75\Desktop\Git\GameEngine\Asset\Texture\TextureManager.cpp(1,1): warning C4819: 현재 코드 페이지(949)에서 표시할 수 없는 문자가 파일에 들어 있습니다. 데이터가 손실되지 않게 하려면 해당 파일을 유니코드 형식으로 저장하십시오.
C:\Users\assort_75\Desktop\Git\GameEngine\Matrix.h(1,1): warning C4819: 현재 코드 페이지(949)에서 표시할 수 없는 문자가 파일에 들어 있습니다. 데이터가 손실되지 않게 하려면 해당 파일을 유니코드 형식으로 저장하십시오.
  (소스 파일 'Asset/Texture/TextureManager.cpp'을(를) 컴파일하는 중)
  
C:\Users\assort_75\Desktop\Git\GameEngine\Vector2.h(1,1): warning C4819: 현재 코드 페이지(949)에서 표시할 수 없는 문자가 파일에 들어 있습니다. 데이터가 손실되지 않게 하려면 해당 파일을 유니코드 형식으로 저장하십시오.
  (소스 파일 'Asset/Texture/TextureManager.cpp'을(를) 컴파일하는 중)
  
C:\Users\assort_75\Desktop\Git\GameEngine\Asset\Texture\Texture.h(1,1): warning C4819: 현재 코드 페이지(949)에서 표시할 수 없는 문자가 파일에 들어 있습니다. 데이터가 손실되지 않게 하려면 해당 파일을 유니코드 형식으로 저장하십시오.
  (소스 파일 'Asset/Texture/TextureManager.cpp'을(를) 컴파일하는 중)
  
C:\Users\assort_75\Desktop\Git\GameEngine\Object.h(1,1): warning C4819: 현재 코드 페이지(949)에서 표시할 수 없는 문자가 파일에 들어 있습니다. 데이터가 손실되지 않게 하려면 해당 파일을 유니코드 형식으로 저장하십시오.
  (소스 파일 'Asset/Texture/TextureManager.cpp'을(를) 컴파일하는 중)
  
C:\Users\assort_75\Desktop\Git\GameEngine\Asset\Shader\CBufferContainer.h(1,1): warning C4819: 현재 코드 페이지(949)에서 표시할 수 없는 문자가 파일에 들어 있습니다. 데이터가 손실되지 않게 하려면 해당 파일을 유니코드 형식으로 저장하십시오.
  (소스 파일 'Asset/Texture/TextureManager.cpp'을(를) 컴파일하는 중)
  
C:\Users\assort_75\Desktop\Git\GameEngine\Device.h(1,1): warning C4819: 현재 코드 페이지(949)에서 표시할 수 없는 문자가 파일에 들어 있습니다. 데이터가 손실되지 않게 하려면 해당 파일을 유니코드 형식으로 저장하십시오.
  (소스 파일 'Asset/Texture/TextureManager.cpp'을(를) 컴파일하는 중)
  
  CollisionInfoManager.cpp
C:\Users\assort_75\Desktop\Git\GameEngine\Matrix.h(1,1): warning C4819: 현재 코드 페이지(949)에서 표시할 수 없는 문자가 파일에 들어 있습니다. 데이터가 손실되지 않게 하려면 해당 파일을 유니코드 형식으로 저장하십시오.
  (소스 파일 'CollisionInfoManager.cpp'을(를) 컴파일하는 중)
  
C:\Users\assort_75\Desktop\Git\GameEngine\Vector2.h(1,1): warning C4819: 현재 코드 페이지(949)에서 표시할 수 없는 문자가 파일에 들어 있습니다. 데이터가 손실되지 않게 하려면 해당 파일을 유니코드 형식으로 저장하십시오.
  (소스 파일 'CollisionInfoManager.cpp'을(를) 컴파일하는 중)
  
  Animation2DComponent.cpp
C:\Users\assort_75\Desktop\Git\GameEngine\Object.h(1,1): warning C4819: 현재 코드 페이지(949)에서 표시할 수 없는 문자가 파일에 들어 있습니다. 데이터가 손실되지 않게 하려면 해당 파일을 유니코드 형식으로 저장하십시오.
  (소스 파일 'Component/Animation2DComponent.cpp'을(를) 컴파일하는 중)
  
C:\Users\assort_75\Desktop\Git\GameEngine\Matrix.h(1,1): warning C4819: 현재 코드 페이지(949)에서 표시할 수 없는 문자가 파일에 들어 있습니다. 데이터가 손실되지 않게 하려면 해당 파일을 유니코드 형식으로 저장하십시오.
  (소스 파일 'Component/Animation2DComponent.cpp'을(를) 컴파일하는 중)
  
C:\Users\assort_75\Desktop\Git\GameEngine\Vector2.h(1,1): warning C4819: 현재 코드 페이지(949)에서 표시할 수 없는 문자가 파일에 들어 있습니다. 데이터가 손실되지 않게 하려면 해당 파일을 유니코드 형식으로 저장하십시오.
  (소스 파일 'Component/Animation2DComponent.cpp'을(를) 컴파일하는 중)
  
C:\Users\assort_75\Desktop\Git\GameEngine\Component\Animation2DSequence.h(1,1): warning C4819: 현재 코드 페이지(949)에서 표시할 수 없는 문자가 파일에 들어 있습니다. 데이터가 손실되지 않게 하려면 해당 파일을 유니코드 형식으로 저장하십시오.
  (소스 파일 'Component/Animation2DComponent.cpp'을(를) 컴파일하는 중)
  
C:\Users\assort_75\Desktop\Git\GameEngine\Asset\Animation2D\Animation2D.h(1,1): warning C4819: 현재 코드 페이지(949)에서 표시할 수 없는 문자가 파일에 들어 있습니다. 데이터가 손실되지 않게 하려면 해당 파일을 유니코드 형식으로 저장하십시오.
  (소스 파일 'Component/Animation2DComponent.cpp'을(를) 컴파일하는 중)
  
C:\Users\assort_75\Desktop\Git\GameEngine\Asset\Shader\CBufferContainer.h(1,1): warning C4819: 현재 코드 페이지(949)에서 표시할 수 없는 문자가 파일에 들어 있습니다. 데이터가 손실되지 않게 하려면 해당 파일을 유니코드 형식으로 저장하십시오.
  (소스 파일 'Component/Animation2DComponent.cpp'을(를) 컴파일하는 중)
  
C:\Users\assort_75\Desktop\Git\GameEngine\Asset\Shader\ConstantBufferData.h(1,1): warning C4819: 현재 코드 페이지(949)에서 표시할 수 없는 문자가 파일에 들어 있습니다. 데이터가 손실되지 않게 하려면 해당 파일을 유니코드 형식으로 저장하십시오.
  (소스 파일 'Component/Animation2DComponent.cpp'을(를) 컴파일하는 중)
  
C:\Users\assort_75\Desktop\Git\GameEngine\Asset\Texture\Texture.h(1,1): warning C4819: 현재 코드 페이지(949)에서 표시할 수 없는 문자가 파일에 들어 있습니다. 데이터가 손실되지 않게 하려면 해당 파일을 유니코드 형식으로 저장하십시오.
  (소스 파일 'Component/Animation2DComponent.cpp'을(를) 컴파일하는 중)
  
C:\Users\assort_75\Desktop\Git\GameEngine\Object\GameObject.h(1,1): warning C4819: 현재 코드 페이지(949)에서 표시할 수 없는 문자가 파일에 들어 있습니다. 데이터가 손실되지 않게 하려면 해당 파일을 유니코드 형식으로 저장하십시오.
  (소스 파일 'Component/Animation2DComponent.cpp'을(를) 컴파일하는 중)
  
C:\Users\assort_75\Desktop\Git\GameEngine\World\CameraManager.h(1,1): warning C4819: 현재 코드 페이지(949)에서 표시할 수 없는 문자가 파일에 들어 있습니다. 데이터가 손실되지 않게 하려면 해당 파일을 유니코드 형식으로 저장하십시오.
  (소스 파일 'Component/Animation2DComponent.cpp'을(를) 컴파일하는 중)
  
C:\Users\assort_75\Desktop\Git\GameEngine\Asset\Mesh\Mesh.h(1,1): warning C4819: 현재 코드 페이지(949)에서 표시할 수 없는 문자가 파일에 들어 있습니다. 데이터가 손실되지 않게 하려면 해당 파일을 유니코드 형식으로 저장하십시오.
  (소스 파일 'Component/Animation2DComponent.cpp'을(를) 컴파일하는 중)
  
C:\Users\assort_75\Desktop\Git\GameEngine\Asset\Material\Material.h(1,1): warning C4819: 현재 코드 페이지(949)에서 표시할 수 없는 문자가 파일에 들어 있습니다. 데이터가 손실되지 않게 하려면 해당 파일을 유니코드 형식으로 저장하십시오.
  (소스 파일 'Component/Animation2DComponent.cpp'을(를) 컴파일하는 중)
  
C:\Users\assort_75\Desktop\Git\GameEngine\World\Input.h(1,1): warning C4819: 현재 코드 페이지(949)에서 표시할 수 없는 문자가 파일에 들어 있습니다. 데이터가 손실되지 않게 하려면 해당 파일을 유니코드 형식으로 저장하십시오.
  (소스 파일 'Component/Animation2DComponent.cpp'을(를) 컴파일하는 중)
  
  Animation2DSequence.cpp
C:\Users\assort_75\Desktop\Git\GameEngine\Component\Animation2DSequence.cpp(1,1): warning C4819: 현재 코드 페이지(949)에서 표시할 수 없는 문자가 파일에 들어 있습니다. 데이터가 손실되지 않게 하려면 해당 파일을 유니코드 형식으로 저장하십시오.
C:\Users\assort_75\Desktop\Git\GameEngine\Component\Animation2DSequence.h(1,1): warning C4819: 현재 코드 페이지(949)에서 표시할 수 없는 문자가 파일에 들어 있습니다. 데이터가 손실되지 않게 하려면 해당 파일을 유니코드 형식으로 저장하십시오.
  (소스 파일 'Component/Animation2DSequence.cpp'을(를) 컴파일하는 중)
  
C:\Users\assort_75\Desktop\Git\GameEngine\Asset\Animation2D\Animation2D.h(1,1): warning C4819: 현재 코드 페이지(949)에서 표시할 수 없는 문자가 파일에 들어 있습니다. 데이터가 손실되지 않게 하려면 해당 파일을 유니코드 형식으로 저장하십시오.
  (소스 파일 'Component/Animation2DSequence.cpp'을(를) 컴파일하는 중)
  
C:\Users\assort_75\Desktop\Git\GameEngine\Object.h(1,1): warning C4819: 현재 코드 페이지(949)에서 표시할 수 없는 문자가 파일에 들어 있습니다. 데이터가 손실되지 않게 하려면 해당 파일을 유니코드 형식으로 저장하십시오.
  (소스 파일 'Component/Animation2DSequence.cpp'을(를) 컴파일하는 중)
  
C:\Users\assort_75\Desktop\Git\GameEngine\Matrix.h(1,1): warning C4819: 현재 코드 페이지(949)에서 표시할 수 없는 문자가 파일에 들어 있습니다. 데이터가 손실되지 않게 하려면 해당 파일을 유니코드 형식으로 저장하십시오.
  (소스 파일 'Component/Animation2DSequence.cpp'을(를) 컴파일하는 중)
  
C:\Users\assort_75\Desktop\Git\GameEngine\Vector2.h(1,1): warning C4819: 현재 코드 페이지(949)에서 표시할 수 없는 문자가 파일에 들어 있습니다. 데이터가 손실되지 않게 하려면 해당 파일을 유니코드 형식으로 저장하십시오.
  (소스 파일 'Component/Animation2DSequence.cpp'을(를) 컴파일하는 중)
  
  CameraComponent.cpp
C:\Users\assort_75\Desktop\Git\GameEngine\Component\CameraComponent.cpp(1,1): warning C4819: 현재 코드 페이지(949)에서 표시할 수 없는 문자가 파일에 들어 있습니다. 데이터가 손실되지 않게 하려면 해당 파일을 유니코드 형식으로 저장하십시오.
C:\Users\assort_75\Desktop\Git\GameEngine\Object.h(1,1): warning C4819: 현재 코드 페이지(949)에서 표시할 수 없는 문자가 파일에 들어 있습니다. 데이터가 손실되지 않게 하려면 해당 파일을 유니코드 형식으로 저장하십시오.
  (소스 파일 'Component/CameraComponent.cpp'을(를) 컴파일하는 중)
  
C:\Users\assort_75\Desktop\Git\GameEngine\Matrix.h(1,1): warning C4819: 현재 코드 페이지(949)에서 표시할 수 없는 문자가 파일에 들어 있습니다. 데이터가 손실되지 않게 하려면 해당 파일을 유니코드 형식으로 저장하십시오.
  (소스 파일 'Component/CameraComponent.cpp'을(를) 컴파일하는 중)
  
C:\Users\assort_75\Desktop\Git\GameEngine\Vector2.h(1,1): warning C4819: 현재 코드 페이지(949)에서 표시할 수 없는 문자가 파일에 들어 있습니다. 데이터가 손실되지 않게 하려면 해당 파일을 유니코드 형식으로 저장하십시오.
  (소스 파일 'Component/CameraComponent.cpp'을(를) 컴파일하는 중)
  
C:\Users\assort_75\Desktop\Git\GameEngine\Device.h(1,1): warning C4819: 현재 코드 페이지(949)에서 표시할 수 없는 문자가 파일에 들어 있습니다. 데이터가 손실되지 않게 하려면 해당 파일을 유니코드 형식으로 저장하십시오.
  (소스 파일 'Component/CameraComponent.cpp'을(를) 컴파일하는 중)
  
C:\Users\assort_75\Desktop\Git\GameEngine\Object\GameObject.h(1,1): warning C4819: 현재 코드 페이지(949)에서 표시할 수 없는 문자가 파일에 들어 있습니다. 데이터가 손실되지 않게 하려면 해당 파일을 유니코드 형식으로 저장하십시오.
  (소스 파일 'Component/CameraComponent.cpp'을(를) 컴파일하는 중)
  
C:\Users\assort_75\Desktop\Git\GameEngine\World\CameraManager.h(1,1): warning C4819: 현재 코드 페이지(949)에서 표시할 수 없는 문자가 파일에 들어 있습니다. 데이터가 손실되지 않게 하려면 해당 파일을 유니코드 형식으로 저장하십시오.
  (소스 파일 'Component/CameraComponent.cpp'을(를) 컴파일하는 중)
  
C:\Users\assort_75\Desktop\Git\GameEngine\Asset\Mesh\Mesh.h(1,1): warning C4819: 현재 코드 페이지(949)에서 표시할 수 없는 문자가 파일에 들어 있습니다. 데이터가 손실되지 않게 하려면 해당 파일을 유니코드 형식으로 저장하십시오.
  (소스 파일 'Component/CameraComponent.cpp'을(를) 컴파일하는 중)
  
C:\Users\assort_75\Desktop\Git\GameEngine\Asset\Material\Material.h(1,1): warning C4819: 현재 코드 페이지(949)에서 표시할 수 없는 문자가 파일에 들어 있습니다. 데이터가 손실되지 않게 하려면 해당 파일을 유니코드 형식으로 저장하십시오.
  (소스 파일 'Component/CameraComponent.cpp'을(를) 컴파일하는 중)
  
C:\Users\assort_75\Desktop\Git\GameEngine\Asset\Shader\CBufferContainer.h(1,1): warning C4819: 현재 코드 페이지(949)에서 표시할 수 없는 문자가 파일에 들어 있습니다. 데이터가 손실되지 않게 하려면 해당 파일을 유니코드 형식으로 저장하십시오.
  (소스 파일 'Component/CameraComponent.cpp'을(를) 컴파일하는 중)
  
C:\Users\assort_75\Desktop\Git\GameEngine\Asset\Texture\Texture.h(1,1): warning C4819: 현재 코드 페이지(949)에서 표시할 수 없는 문자가 파일에 들어 있습니다. 데이터가 손실되지 않게 하려면 해당 파일을 유니코드 형식으로 저장하십시오.
  (소스 파일 'Component/CameraComponent.cpp'을(를) 컴파일하는 중)
  
C:\Users\assort_75\Desktop\Git\GameEngine\Asset\Animation2D\Animation2D.h(1,1): warning C4819: 현재 코드 페이지(949)에서 표시할 수 없는 문자가 파일에 들어 있습니다. 데이터가 손실되지 않게 하려면 해당 파일을 유니코드 형식으로 저장하십시오.
  (소스 파일 'Component/CameraComponent.cpp'을(를) 컴파일하는 중)
  
C:\Users\assort_75\Desktop\Git\GameEngine\World\Input.h(1,1): warning C4819: 현재 코드 페이지(949)에서 표시할 수 없는 문자가 파일에 들어 있습니다. 데이터가 손실되지 않게 하려면 해당 파일을 유니코드 형식으로 저장하십시오.
  (소스 파일 'Component/CameraComponent.cpp'을(를) 컴파일하는 중)
  
  Collider.cpp
C:\Users\assort_75\Desktop\Git\GameEngine\Object.h(1,1): warning C4819: 현재 코드 페이지(949)에서 표시할 수 없는 문자가 파일에 들어 있습니다. 데이터가 손실되지 않게 하려면 해당 파일을 유니코드 형식으로 저장하십시오.
  (소스 파일 'Component/Collider.cpp'을(를) 컴파일하는 중)
  
C:\Users\assort_75\Desktop\Git\GameEngine\Matrix.h(1,1): warning C4819: 현재 코드 페이지(949)에서 표시할 수 없는 문자가 파일에 들어 있습니다. 데이터가 손실되지 않게 하려면 해당 파일을 유니코드 형식으로 저장하십시오.
  (소스 파일 'Component/Collider.cpp'을(를) 컴파일하는 중)
  
C:\Users\assort_75\Desktop\Git\GameEngine\Vector2.h(1,1): warning C4819: 현재 코드 페이지(949)에서 표시할 수 없는 문자가 파일에 들어 있습니다. 데이터가 손실되지 않게 하려면 해당 파일을 유니코드 형식으로 저장하십시오.
  (소스 파일 'Component/Collider.cpp'을(를) 컴파일하는 중)
  
C:\Users\assort_75\Desktop\Git\GameEngine\Asset\Shader\ConstantBufferData.h(1,1): warning C4819: 현재 코드 페이지(949)에서 표시할 수 없는 문자가 파일에 들어 있습니다. 데이터가 손실되지 않게 하려면 해당 파일을 유니코드 형식으로 저장하십시오.
  (소스 파일 'Component/Collider.cpp'을(를) 컴파일하는 중)
  
C:\Users\assort_75\Desktop\Git\GameEngine\Asset\Shader\CBufferContainer.h(1,1): warning C4819: 현재 코드 페이지(949)에서 표시할 수 없는 문자가 파일에 들어 있습니다. 데이터가 손실되지 않게 하려면 해당 파일을 유니코드 형식으로 저장하십시오.
  (소스 파일 'Component/Collider.cpp'을(를) 컴파일하는 중)
  
C:\Users\assort_75\Desktop\Git\GameEngine\Asset\Mesh\Mesh.h(1,1): warning C4819: 현재 코드 페이지(949)에서 표시할 수 없는 문자가 파일에 들어 있습니다. 데이터가 손실되지 않게 하려면 해당 파일을 유니코드 형식으로 저장하십시오.
  (소스 파일 'Component/Collider.cpp'을(를) 컴파일하는 중)
  
C:\Users\assort_75\Desktop\Git\GameEngine\Object\GameObject.h(1,1): warning C4819: 현재 코드 페이지(949)에서 표시할 수 없는 문자가 파일에 들어 있습니다. 데이터가 손실되지 않게 하려면 해당 파일을 유니코드 형식으로 저장하십시오.
  (소스 파일 'Component/Collider.cpp'을(를) 컴파일하는 중)
  
C:\Users\assort_75\Desktop\Git\GameEngine\World\CameraManager.h(1,1): warning C4819: 현재 코드 페이지(949)에서 표시할 수 없는 문자가 파일에 들어 있습니다. 데이터가 손실되지 않게 하려면 해당 파일을 유니코드 형식으로 저장하십시오.
  (소스 파일 'Component/Collider.cpp'을(를) 컴파일하는 중)
  
C:\Users\assort_75\Desktop\Git\GameEngine\Asset\Material\Material.h(1,1): warning C4819: 현재 코드 페이지(949)에서 표시할 수 없는 문자가 파일에 들어 있습니다. 데이터가 손실되지 않게 하려면 해당 파일을 유니코드 형식으로 저장하십시오.
  (소스 파일 'Component/Collider.cpp'을(를) 컴파일하는 중)
  
C:\Users\assort_75\Desktop\Git\GameEngine\Asset\Texture\Texture.h(1,1): warning C4819: 현재 코드 페이지(949)에서 표시할 수 없는 문자가 파일에 들어 있습니다. 데이터가 손실되지 않게 하려면 해당 파일을 유니코드 형식으로 저장하십시오.
  (소스 파일 'Component/Collider.cpp'을(를) 컴파일하는 중)
  
C:\Users\assort_75\Desktop\Git\GameEngine\Asset\Animation2D\Animation2D.h(1,1): warning C4819: 현재 코드 페이지(949)에서 표시할 수 없는 문자가 파일에 들어 있습니다. 데이터가 손실되지 않게 하려면 해당 파일을 유니코드 형식으로 저장하십시오.
  (소스 파일 'Component/Collider.cpp'을(를) 컴파일하는 중)
  
C:\Users\assort_75\Desktop\Git\GameEngine\World\Input.h(1,1): warning C4819: 현재 코드 페이지(949)에서 표시할 수 없는 문자가 파일에 들어 있습니다. 데이터가 손실되지 않게 하려면 해당 파일을 유니코드 형식으로 저장하십시오.
  (소스 파일 'Component/Collider.cpp'을(를) 컴파일하는 중)
  
  ColliderBox2D.cpp
C:\Users\assort_75\Desktop\Git\GameEngine\Object.h(1,1): warning C4819: 현재 코드 페이지(949)에서 표시할 수 없는 문자가 파일에 들어 있습니다. 데이터가 손실되지 않게 하려면 해당 파일을 유니코드 형식으로 저장하십시오.
  (소스 파일 'Component/ColliderBox2D.cpp'을(를) 컴파일하는 중)
  
C:\Users\assort_75\Desktop\Git\GameEngine\Matrix.h(1,1): warning C4819: 현재 코드 페이지(949)에서 표시할 수 없는 문자가 파일에 들어 있습니다. 데이터가 손실되지 않게 하려면 해당 파일을 유니코드 형식으로 저장하십시오.
  (소스 파일 'Component/ColliderBox2D.cpp'을(를) 컴파일하는 중)
  
C:\Users\assort_75\Desktop\Git\GameEngine\Vector2.h(1,1): warning C4819: 현재 코드 페이지(949)에서 표시할 수 없는 문자가 파일에 들어 있습니다. 데이터가 손실되지 않게 하려면 해당 파일을 유니코드 형식으로 저장하십시오.
  (소스 파일 'Component/ColliderBox2D.cpp'을(를) 컴파일하는 중)
  
C:\Users\assort_75\Desktop\Git\GameEngine\Asset\Shader\ShaderManager.h(1,1): warning C4819: 현재 코드 페이지(949)에서 표시할 수 없는 문자가 파일에 들어 있습니다. 데이터가 손실되지 않게 하려면 해당 파일을 유니코드 형식으로 저장하십시오.
  (소스 파일 'Component/ColliderBox2D.cpp'을(를) 컴파일하는 중)
  
C:\Users\assort_75\Desktop\Git\GameEngine\Asset\Shader\CBufferContainer.h(1,1): warning C4819: 현재 코드 페이지(949)에서 표시할 수 없는 문자가 파일에 들어 있습니다. 데이터가 손실되지 않게 하려면 해당 파일을 유니코드 형식으로 저장하십시오.
  (소스 파일 'Component/ColliderBox2D.cpp'을(를) 컴파일하는 중)
  
C:\Users\assort_75\Desktop\Git\GameEngine\Asset\Shader\ConstantBufferData.h(1,1): warning C4819: 현재 코드 페이지(949)에서 표시할 수 없는 문자가 파일에 들어 있습니다. 데이터가 손실되지 않게 하려면 해당 파일을 유니코드 형식으로 저장하십시오.
  (소스 파일 'Component/ColliderBox2D.cpp'을(를) 컴파일하는 중)
  
C:\Users\assort_75\Desktop\Git\GameEngine\Asset\Mesh\Mesh.h(1,1): warning C4819: 현재 코드 페이지(949)에서 표시할 수 없는 문자가 파일에 들어 있습니다. 데이터가 손실되지 않게 하려면 해당 파일을 유니코드 형식으로 저장하십시오.
  (소스 파일 'Component/ColliderBox2D.cpp'을(를) 컴파일하는 중)
  
C:\Users\assort_75\Desktop\Git\GameEngine\Object\GameObject.h(1,1): warning C4819: 현재 코드 페이지(949)에서 표시할 수 없는 문자가 파일에 들어 있습니다. 데이터가 손실되지 않게 하려면 해당 파일을 유니코드 형식으로 저장하십시오.
  (소스 파일 'Component/ColliderBox2D.cpp'을(를) 컴파일하는 중)
  
C:\Users\assort_75\Desktop\Git\GameEngine\World\CameraManager.h(1,1): warning C4819: 현재 코드 페이지(949)에서 표시할 수 없는 문자가 파일에 들어 있습니다. 데이터가 손실되지 않게 하려면 해당 파일을 유니코드 형식으로 저장하십시오.
  (소스 파일 'Component/ColliderBox2D.cpp'을(를) 컴파일하는 중)
  
C:\Users\assort_75\Desktop\Git\GameEngine\Asset\Material\Material.h(1,1): warning C4819: 현재 코드 페이지(949)에서 표시할 수 없는 문자가 파일에 들어 있습니다. 데이터가 손실되지 않게 하려면 해당 파일을 유니코드 형식으로 저장하십시오.
  (소스 파일 'Component/ColliderBox2D.cpp'을(를) 컴파일하는 중)
  
C:\Users\assort_75\Desktop\Git\GameEngine\Asset\Texture\Texture.h(1,1): warning C4819: 현재 코드 페이지(949)에서 표시할 수 없는 문자가 파일에 들어 있습니다. 데이터가 손실되지 않게 하려면 해당 파일을 유니코드 형식으로 저장하십시오.
  (소스 파일 'Component/ColliderBox2D.cpp'을(를) 컴파일하는 중)
  
C:\Users\assort_75\Desktop\Git\GameEngine\Asset\Animation2D\Animation2D.h(1,1): warning C4819: 현재 코드 페이지(949)에서 표시할 수 없는 문자가 파일에 들어 있습니다. 데이터가 손실되지 않게 하려면 해당 파일을 유니코드 형식으로 저장하십시오.
  (소스 파일 'Component/ColliderBox2D.cpp'을(를) 컴파일하는 중)
  
C:\Users\assort_75\Desktop\Git\GameEngine\World\Input.h(1,1): warning C4819: 현재 코드 페이지(949)에서 표시할 수 없는 문자가 파일에 들어 있습니다. 데이터가 손실되지 않게 하려면 해당 파일을 유니코드 형식으로 저장하십시오.
  (소스 파일 'Component/ColliderBox2D.cpp'을(를) 컴파일하는 중)
  
  ColliderLine2D.cpp
C:\Users\assort_75\Desktop\Git\GameEngine\Object.h(1,1): warning C4819: 현재 코드 페이지(949)에서 표시할 수 없는 문자가 파일에 들어 있습니다. 데이터가 손실되지 않게 하려면 해당 파일을 유니코드 형식으로 저장하십시오.
  (소스 파일 'Component/ColliderLine2D.cpp'을(를) 컴파일하는 중)
  
C:\Users\assort_75\Desktop\Git\GameEngine\Matrix.h(1,1): warning C4819: 현재 코드 페이지(949)에서 표시할 수 없는 문자가 파일에 들어 있습니다. 데이터가 손실되지 않게 하려면 해당 파일을 유니코드 형식으로 저장하십시오.
  (소스 파일 'Component/ColliderLine2D.cpp'을(를) 컴파일하는 중)
  
C:\Users\assort_75\Desktop\Git\GameEngine\Vector2.h(1,1): warning C4819: 현재 코드 페이지(949)에서 표시할 수 없는 문자가 파일에 들어 있습니다. 데이터가 손실되지 않게 하려면 해당 파일을 유니코드 형식으로 저장하십시오.
  (소스 파일 'Component/ColliderLine2D.cpp'을(를) 컴파일하는 중)
  
C:\Users\assort_75\Desktop\Git\GameEngine\Asset\Shader\ShaderManager.h(1,1): warning C4819: 현재 코드 페이지(949)에서 표시할 수 없는 문자가 파일에 들어 있습니다. 데이터가 손실되지 않게 하려면 해당 파일을 유니코드 형식으로 저장하십시오.
  (소스 파일 'Component/ColliderLine2D.cpp'을(를) 컴파일하는 중)
  
C:\Users\assort_75\Desktop\Git\GameEngine\Asset\Shader\CBufferContainer.h(1,1): warning C4819: 현재 코드 페이지(949)에서 표시할 수 없는 문자가 파일에 들어 있습니다. 데이터가 손실되지 않게 하려면 해당 파일을 유니코드 형식으로 저장하십시오.
  (소스 파일 'Component/ColliderLine2D.cpp'을(를) 컴파일하는 중)
  
C:\Users\assort_75\Desktop\Git\GameEngine\Asset\Shader\ConstantBufferData.h(1,1): warning C4819: 현재 코드 페이지(949)에서 표시할 수 없는 문자가 파일에 들어 있습니다. 데이터가 손실되지 않게 하려면 해당 파일을 유니코드 형식으로 저장하십시오.
  (소스 파일 'Component/ColliderLine2D.cpp'을(를) 컴파일하는 중)
  
C:\Users\assort_75\Desktop\Git\GameEngine\Asset\Mesh\Mesh.h(1,1): warning C4819: 현재 코드 페이지(949)에서 표시할 수 없는 문자가 파일에 들어 있습니다. 데이터가 손실되지 않게 하려면 해당 파일을 유니코드 형식으로 저장하십시오.
  (소스 파일 'Component/ColliderLine2D.cpp'을(를) 컴파일하는 중)
  
C:\Users\assort_75\Desktop\Git\GameEngine\Object\GameObject.h(1,1): warning C4819: 현재 코드 페이지(949)에서 표시할 수 없는 문자가 파일에 들어 있습니다. 데이터가 손실되지 않게 하려면 해당 파일을 유니코드 형식으로 저장하십시오.
  (소스 파일 'Component/ColliderLine2D.cpp'을(를) 컴파일하는 중)
  
C:\Users\assort_75\Desktop\Git\GameEngine\World\CameraManager.h(1,1): warning C4819: 현재 코드 페이지(949)에서 표시할 수 없는 문자가 파일에 들어 있습니다. 데이터가 손실되지 않게 하려면 해당 파일을 유니코드 형식으로 저장하십시오.
  (소스 파일 'Component/ColliderLine2D.cpp'을(를) 컴파일하는 중)
  
C:\Users\assort_75\Desktop\Git\GameEngine\Asset\Material\Material.h(1,1): warning C4819: 현재 코드 페이지(949)에서 표시할 수 없는 문자가 파일에 들어 있습니다. 데이터가 손실되지 않게 하려면 해당 파일을 유니코드 형식으로 저장하십시오.
  (소스 파일 'Component/ColliderLine2D.cpp'을(를) 컴파일하는 중)
  
C:\Users\assort_75\Desktop\Git\GameEngine\Asset\Texture\Texture.h(1,1): warning C4819: 현재 코드 페이지(949)에서 표시할 수 없는 문자가 파일에 들어 있습니다. 데이터가 손실되지 않게 하려면 해당 파일을 유니코드 형식으로 저장하십시오.
  (소스 파일 'Component/ColliderLine2D.cpp'을(를) 컴파일하는 중)
  
C:\Users\assort_75\Desktop\Git\GameEngine\Asset\Animation2D\Animation2D.h(1,1): warning C4819: 현재 코드 페이지(949)에서 표시할 수 없는 문자가 파일에 들어 있습니다. 데이터가 손실되지 않게 하려면 해당 파일을 유니코드 형식으로 저장하십시오.
  (소스 파일 'Component/ColliderLine2D.cpp'을(를) 컴파일하는 중)
  
C:\Users\assort_75\Desktop\Git\GameEngine\World\Input.h(1,1): warning C4819: 현재 코드 페이지(949)에서 표시할 수 없는 문자가 파일에 들어 있습니다. 데이터가 손실되지 않게 하려면 해당 파일을 유니코드 형식으로 저장하십시오.
  (소스 파일 'Component/ColliderLine2D.cpp'을(를) 컴파일하는 중)
  
  ColliderSphere2D.cpp
C:\Users\assort_75\Desktop\Git\GameEngine\Object.h(1,1): warning C4819: 현재 코드 페이지(949)에서 표시할 수 없는 문자가 파일에 들어 있습니다. 데이터가 손실되지 않게 하려면 해당 파일을 유니코드 형식으로 저장하십시오.
  (소스 파일 'Component/ColliderSphere2D.cpp'을(를) 컴파일하는 중)
  
C:\Users\assort_75\Desktop\Git\GameEngine\Matrix.h(1,1): warning C4819: 현재 코드 페이지(949)에서 표시할 수 없는 문자가 파일에 들어 있습니다. 데이터가 손실되지 않게 하려면 해당 파일을 유니코드 형식으로 저장하십시오.
  (소스 파일 'Component/ColliderSphere2D.cpp'을(를) 컴파일하는 중)
  
C:\Users\assort_75\Desktop\Git\GameEngine\Vector2.h(1,1): warning C4819: 현재 코드 페이지(949)에서 표시할 수 없는 문자가 파일에 들어 있습니다. 데이터가 손실되지 않게 하려면 해당 파일을 유니코드 형식으로 저장하십시오.
  (소스 파일 'Component/ColliderSphere2D.cpp'을(를) 컴파일하는 중)
  
C:\Users\assort_75\Desktop\Git\GameEngine\Asset\Shader\ShaderManager.h(1,1): warning C4819: 현재 코드 페이지(949)에서 표시할 수 없는 문자가 파일에 들어 있습니다. 데이터가 손실되지 않게 하려면 해당 파일을 유니코드 형식으로 저장하십시오.
  (소스 파일 'Component/ColliderSphere2D.cpp'을(를) 컴파일하는 중)
  
C:\Users\assort_75\Desktop\Git\GameEngine\Asset\Shader\CBufferContainer.h(1,1): warning C4819: 현재 코드 페이지(949)에서 표시할 수 없는 문자가 파일에 들어 있습니다. 데이터가 손실되지 않게 하려면 해당 파일을 유니코드 형식으로 저장하십시오.
  (소스 파일 'Component/ColliderSphere2D.cpp'을(를) 컴파일하는 중)
  
C:\Users\assort_75\Desktop\Git\GameEngine\Asset\Shader\ConstantBufferData.h(1,1): warning C4819: 현재 코드 페이지(949)에서 표시할 수 없는 문자가 파일에 들어 있습니다. 데이터가 손실되지 않게 하려면 해당 파일을 유니코드 형식으로 저장하십시오.
  (소스 파일 'Component/ColliderSphere2D.cpp'을(를) 컴파일하는 중)
  
C:\Users\assort_75\Desktop\Git\GameEngine\Asset\Mesh\Mesh.h(1,1): warning C4819: 현재 코드 페이지(949)에서 표시할 수 없는 문자가 파일에 들어 있습니다. 데이터가 손실되지 않게 하려면 해당 파일을 유니코드 형식으로 저장하십시오.
  (소스 파일 'Component/ColliderSphere2D.cpp'을(를) 컴파일하는 중)
  
C:\Users\assort_75\Desktop\Git\GameEngine\Object\GameObject.h(1,1): warning C4819: 현재 코드 페이지(949)에서 표시할 수 없는 문자가 파일에 들어 있습니다. 데이터가 손실되지 않게 하려면 해당 파일을 유니코드 형식으로 저장하십시오.
  (소스 파일 'Component/ColliderSphere2D.cpp'을(를) 컴파일하는 중)
  
C:\Users\assort_75\Desktop\Git\GameEngine\World\CameraManager.h(1,1): warning C4819: 현재 코드 페이지(949)에서 표시할 수 없는 문자가 파일에 들어 있습니다. 데이터가 손실되지 않게 하려면 해당 파일을 유니코드 형식으로 저장하십시오.
  (소스 파일 'Component/ColliderSphere2D.cpp'을(를) 컴파일하는 중)
  
C:\Users\assort_75\Desktop\Git\GameEngine\Asset\Material\Material.h(1,1): warning C4819: 현재 코드 페이지(949)에서 표시할 수 없는 문자가 파일에 들어 있습니다. 데이터가 손실되지 않게 하려면 해당 파일을 유니코드 형식으로 저장하십시오.
  (소스 파일 'Component/ColliderSphere2D.cpp'을(를) 컴파일하는 중)
  
C:\Users\assort_75\Desktop\Git\GameEngine\Asset\Texture\Texture.h(1,1): warning C4819: 현재 코드 페이지(949)에서 표시할 수 없는 문자가 파일에 들어 있습니다. 데이터가 손실되지 않게 하려면 해당 파일을 유니코드 형식으로 저장하십시오.
  (소스 파일 'Component/ColliderSphere2D.cpp'을(를) 컴파일하는 중)
  
C:\Users\assort_75\Desktop\Git\GameEngine\Asset\Animation2D\Animation2D.h(1,1): warning C4819: 현재 코드 페이지(949)에서 표시할 수 없는 문자가 파일에 들어 있습니다. 데이터가 손실되지 않게 하려면 해당 파일을 유니코드 형식으로 저장하십시오.
  (소스 파일 'Component/ColliderSphere2D.cpp'을(를) 컴파일하는 중)
  
C:\Users\assort_75\Desktop\Git\GameEngine\World\Input.h(1,1): warning C4819: 현재 코드 페이지(949)에서 표시할 수 없는 문자가 파일에 들어 있습니다. 데이터가 손실되지 않게 하려면 해당 파일을 유니코드 형식으로 저장하십시오.
  (소스 파일 'Component/ColliderSphere2D.cpp'을(를) 컴파일하는 중)
  
  Collision.cpp
C:\Users\assort_75\Desktop\Git\GameEngine\Object.h(1,1): warning C4819: 현재 코드 페이지(949)에서 표시할 수 없는 문자가 파일에 들어 있습니다. 데이터가 손실되지 않게 하려면 해당 파일을 유니코드 형식으로 저장하십시오.
  (소스 파일 'Component/Collision.cpp'을(를) 컴파일하는 중)
  
C:\Users\assort_75\Desktop\Git\GameEngine\Matrix.h(1,1): warning C4819: 현재 코드 페이지(949)에서 표시할 수 없는 문자가 파일에 들어 있습니다. 데이터가 손실되지 않게 하려면 해당 파일을 유니코드 형식으로 저장하십시오.
  (소스 파일 'Component/Collision.cpp'을(를) 컴파일하는 중)
  
C:\Users\assort_75\Desktop\Git\GameEngine\Vector2.h(1,1): warning C4819: 현재 코드 페이지(949)에서 표시할 수 없는 문자가 파일에 들어 있습니다. 데이터가 손실되지 않게 하려면 해당 파일을 유니코드 형식으로 저장하십시오.
  (소스 파일 'Component/Collision.cpp'을(를) 컴파일하는 중)
  
  Component.cpp
C:\Users\assort_75\Desktop\Git\GameEngine\Object.h(1,1): warning C4819: 현재 코드 페이지(949)에서 표시할 수 없는 문자가 파일에 들어 있습니다. 데이터가 손실되지 않게 하려면 해당 파일을 유니코드 형식으로 저장하십시오.
  (소스 파일 'Component/Component.cpp'을(를) 컴파일하는 중)
  
C:\Users\assort_75\Desktop\Git\GameEngine\Matrix.h(1,1): warning C4819: 현재 코드 페이지(949)에서 표시할 수 없는 문자가 파일에 들어 있습니다. 데이터가 손실되지 않게 하려면 해당 파일을 유니코드 형식으로 저장하십시오.
  (소스 파일 'Component/Component.cpp'을(를) 컴파일하는 중)
  
C:\Users\assort_75\Desktop\Git\GameEngine\Vector2.h(1,1): warning C4819: 현재 코드 페이지(949)에서 표시할 수 없는 문자가 파일에 들어 있습니다. 데이터가 손실되지 않게 하려면 해당 파일을 유니코드 형식으로 저장하십시오.
  (소스 파일 'Component/Component.cpp'을(를) 컴파일하는 중)
  
  MeshComponent.cpp
C:\Users\assort_75\Desktop\Git\GameEngine\Object.h(1,1): warning C4819: 현재 코드 페이지(949)에서 표시할 수 없는 문자가 파일에 들어 있습니다. 데이터가 손실되지 않게 하려면 해당 파일을 유니코드 형식으로 저장하십시오.
  (소스 파일 'Component/MeshComponent.cpp'을(를) 컴파일하는 중)
  
C:\Users\assort_75\Desktop\Git\GameEngine\Matrix.h(1,1): warning C4819: 현재 코드 페이지(949)에서 표시할 수 없는 문자가 파일에 들어 있습니다. 데이터가 손실되지 않게 하려면 해당 파일을 유니코드 형식으로 저장하십시오.
  (소스 파일 'Component/MeshComponent.cpp'을(를) 컴파일하는 중)
  
C:\Users\assort_75\Desktop\Git\GameEngine\Vector2.h(1,1): warning C4819: 현재 코드 페이지(949)에서 표시할 수 없는 문자가 파일에 들어 있습니다. 데이터가 손실되지 않게 하려면 해당 파일을 유니코드 형식으로 저장하십시오.
  (소스 파일 'Component/MeshComponent.cpp'을(를) 컴파일하는 중)
  
C:\Users\assort_75\Desktop\Git\GameEngine\Asset\Shader\CBufferContainer.h(1,1): warning C4819: 현재 코드 페이지(949)에서 표시할 수 없는 문자가 파일에 들어 있습니다. 데이터가 손실되지 않게 하려면 해당 파일을 유니코드 형식으로 저장하십시오.
  (소스 파일 'Component/MeshComponent.cpp'을(를) 컴파일하는 중)
  
C:\Users\assort_75\Desktop\Git\GameEngine\Asset\Mesh\Mesh.h(1,1): warning C4819: 현재 코드 페이지(949)에서 표시할 수 없는 문자가 파일에 들어 있습니다. 데이터가 손실되지 않게 하려면 해당 파일을 유니코드 형식으로 저장하십시오.
  (소스 파일 'Component/MeshComponent.cpp'을(를) 컴파일하는 중)
  
C:\Users\assort_75\Desktop\Git\GameEngine\Asset\Shader\ShaderManager.h(1,1): warning C4819: 현재 코드 페이지(949)에서 표시할 수 없는 문자가 파일에 들어 있습니다. 데이터가 손실되지 않게 하려면 해당 파일을 유니코드 형식으로 저장하십시오.
  (소스 파일 'Component/MeshComponent.cpp'을(를) 컴파일하는 중)
  
C:\Users\assort_75\Desktop\Git\GameEngine\Asset\Shader\ConstantBufferData.h(1,1): warning C4819: 현재 코드 페이지(949)에서 표시할 수 없는 문자가 파일에 들어 있습니다. 데이터가 손실되지 않게 하려면 해당 파일을 유니코드 형식으로 저장하십시오.
  (소스 파일 'Component/MeshComponent.cpp'을(를) 컴파일하는 중)
  
C:\Users\assort_75\Desktop\Git\GameEngine\Object\GameObject.h(1,1): warning C4819: 현재 코드 페이지(949)에서 표시할 수 없는 문자가 파일에 들어 있습니다. 데이터가 손실되지 않게 하려면 해당 파일을 유니코드 형식으로 저장하십시오.
  (소스 파일 'Component/MeshComponent.cpp'을(를) 컴파일하는 중)
  
C:\Users\assort_75\Desktop\Git\GameEngine\World\CameraManager.h(1,1): warning C4819: 현재 코드 페이지(949)에서 표시할 수 없는 문자가 파일에 들어 있습니다. 데이터가 손실되지 않게 하려면 해당 파일을 유니코드 형식으로 저장하십시오.
  (소스 파일 'Component/MeshComponent.cpp'을(를) 컴파일하는 중)
  
C:\Users\assort_75\Desktop\Git\GameEngine\Asset\Material\Material.h(1,1): warning C4819: 현재 코드 페이지(949)에서 표시할 수 없는 문자가 파일에 들어 있습니다. 데이터가 손실되지 않게 하려면 해당 파일을 유니코드 형식으로 저장하십시오.
  (소스 파일 'Component/MeshComponent.cpp'을(를) 컴파일하는 중)
  
C:\Users\assort_75\Desktop\Git\GameEngine\Asset\Texture\Texture.h(1,1): warning C4819: 현재 코드 페이지(949)에서 표시할 수 없는 문자가 파일에 들어 있습니다. 데이터가 손실되지 않게 하려면 해당 파일을 유니코드 형식으로 저장하십시오.
  (소스 파일 'Component/MeshComponent.cpp'을(를) 컴파일하는 중)
  
C:\Users\assort_75\Desktop\Git\GameEngine\Asset\Animation2D\Animation2D.h(1,1): warning C4819: 현재 코드 페이지(949)에서 표시할 수 없는 문자가 파일에 들어 있습니다. 데이터가 손실되지 않게 하려면 해당 파일을 유니코드 형식으로 저장하십시오.
  (소스 파일 'Component/MeshComponent.cpp'을(를) 컴파일하는 중)
  
C:\Users\assort_75\Desktop\Git\GameEngine\World\Input.h(1,1): warning C4819: 현재 코드 페이지(949)에서 표시할 수 없는 문자가 파일에 들어 있습니다. 데이터가 손실되지 않게 하려면 해당 파일을 유니코드 형식으로 저장하십시오.
  (소스 파일 'Component/MeshComponent.cpp'을(를) 컴파일하는 중)
  
C:\Users\assort_75\Desktop\Git\GameEngine\Component\Animation2DSequence.h(1,1): warning C4819: 현재 코드 페이지(949)에서 표시할 수 없는 문자가 파일에 들어 있습니다. 데이터가 손실되지 않게 하려면 해당 파일을 유니코드 형식으로 저장하십시오.
  (소스 파일 'Component/MeshComponent.cpp'을(를) 컴파일하는 중)
  
  MovementComponent.cpp
C:\Users\assort_75\Desktop\Git\GameEngine\Object.h(1,1): warning C4819: 현재 코드 페이지(949)에서 표시할 수 없는 문자가 파일에 들어 있습니다. 데이터가 손실되지 않게 하려면 해당 파일을 유니코드 형식으로 저장하십시오.
  (소스 파일 'Component/MovementComponent.cpp'을(를) 컴파일하는 중)
  
C:\Users\assort_75\Desktop\Git\GameEngine\Matrix.h(1,1): warning C4819: 현재 코드 페이지(949)에서 표시할 수 없는 문자가 파일에 들어 있습니다. 데이터가 손실되지 않게 하려면 해당 파일을 유니코드 형식으로 저장하십시오.
  (소스 파일 'Component/MovementComponent.cpp'을(를) 컴파일하는 중)
  
C:\Users\assort_75\Desktop\Git\GameEngine\Vector2.h(1,1): warning C4819: 현재 코드 페이지(949)에서 표시할 수 없는 문자가 파일에 들어 있습니다. 데이터가 손실되지 않게 하려면 해당 파일을 유니코드 형식으로 저장하십시오.
  (소스 파일 'Component/MovementComponent.cpp'을(를) 컴파일하는 중)
  
C:\Users\assort_75\Desktop\Git\GameEngine\Timer.h(1,1): warning C4819: 현재 코드 페이지(949)에서 표시할 수 없는 문자가 파일에 들어 있습니다. 데이터가 손실되지 않게 하려면 해당 파일을 유니코드 형식으로 저장하십시오.
  (소스 파일 'Component/MovementComponent.cpp'을(를) 컴파일하는 중)
  
  ObjectComponent.cpp
C:\Users\assort_75\Desktop\Git\GameEngine\Object.h(1,1): warning C4819: 현재 코드 페이지(949)에서 표시할 수 없는 문자가 파일에 들어 있습니다. 데이터가 손실되지 않게 하려면 해당 파일을 유니코드 형식으로 저장하십시오.
  (소스 파일 'Component/ObjectComponent.cpp'을(를) 컴파일하는 중)
  
C:\Users\assort_75\Desktop\Git\GameEngine\Matrix.h(1,1): warning C4819: 현재 코드 페이지(949)에서 표시할 수 없는 문자가 파일에 들어 있습니다. 데이터가 손실되지 않게 하려면 해당 파일을 유니코드 형식으로 저장하십시오.
  (소스 파일 'Component/ObjectComponent.cpp'을(를) 컴파일하는 중)
  
C:\Users\assort_75\Desktop\Git\GameEngine\Vector2.h(1,1): warning C4819: 현재 코드 페이지(949)에서 표시할 수 없는 문자가 파일에 들어 있습니다. 데이터가 손실되지 않게 하려면 해당 파일을 유니코드 형식으로 저장하십시오.
  (소스 파일 'Component/ObjectComponent.cpp'을(를) 컴파일하는 중)
  
  ObjectMovementComponent.cpp
C:\Users\assort_75\Desktop\Git\GameEngine\Object.h(1,1): warning C4819: 현재 코드 페이지(949)에서 표시할 수 없는 문자가 파일에 들어 있습니다. 데이터가 손실되지 않게 하려면 해당 파일을 유니코드 형식으로 저장하십시오.
  (소스 파일 'Component/ObjectMovementComponent.cpp'을(를) 컴파일하는 중)
  
C:\Users\assort_75\Desktop\Git\GameEngine\Matrix.h(1,1): warning C4819: 현재 코드 페이지(949)에서 표시할 수 없는 문자가 파일에 들어 있습니다. 데이터가 손실되지 않게 하려면 해당 파일을 유니코드 형식으로 저장하십시오.
  (소스 파일 'Component/ObjectMovementComponent.cpp'을(를) 컴파일하는 중)
  
C:\Users\assort_75\Desktop\Git\GameEngine\Vector2.h(1,1): warning C4819: 현재 코드 페이지(949)에서 표시할 수 없는 문자가 파일에 들어 있습니다. 데이터가 손실되지 않게 하려면 해당 파일을 유니코드 형식으로 저장하십시오.
  (소스 파일 'Component/ObjectMovementComponent.cpp'을(를) 컴파일하는 중)
  
C:\Users\assort_75\Desktop\Git\GameEngine\Timer.h(1,1): warning C4819: 현재 코드 페이지(949)에서 표시할 수 없는 문자가 파일에 들어 있습니다. 데이터가 손실되지 않게 하려면 해당 파일을 유니코드 형식으로 저장하십시오.
  (소스 파일 'Component/ObjectMovementComponent.cpp'을(를) 컴파일하는 중)
  
  ProjectileMovementComponent.cpp
C:\Users\assort_75\Desktop\Git\GameEngine\Component\ProjectileMovementComponent.h(1,1): warning C4819: 현재 코드 페이지(949)에서 표시할 수 없는 문자가 파일에 들어 있습니다. 데이터가 손실되지 않게 하려면 해당 파일을 유니코드 형식으로 저장하십시오.
  (소스 파일 'Component/ProjectileMovementComponent.cpp'을(를) 컴파일하는 중)
  
C:\Users\assort_75\Desktop\Git\GameEngine\Object.h(1,1): warning C4819: 현재 코드 페이지(949)에서 표시할 수 없는 문자가 파일에 들어 있습니다. 데이터가 손실되지 않게 하려면 해당 파일을 유니코드 형식으로 저장하십시오.
  (소스 파일 'Component/ProjectileMovementComponent.cpp'을(를) 컴파일하는 중)
  
C:\Users\assort_75\Desktop\Git\GameEngine\Matrix.h(1,1): warning C4819: 현재 코드 페이지(949)에서 표시할 수 없는 문자가 파일에 들어 있습니다. 데이터가 손실되지 않게 하려면 해당 파일을 유니코드 형식으로 저장하십시오.
  (소스 파일 'Component/ProjectileMovementComponent.cpp'을(를) 컴파일하는 중)
  
C:\Users\assort_75\Desktop\Git\GameEngine\Vector2.h(1,1): warning C4819: 현재 코드 페이지(949)에서 표시할 수 없는 문자가 파일에 들어 있습니다. 데이터가 손실되지 않게 하려면 해당 파일을 유니코드 형식으로 저장하십시오.
  (소스 파일 'Component/ProjectileMovementComponent.cpp'을(를) 컴파일하는 중)
  
C:\Users\assort_75\Desktop\Git\GameEngine\Timer.h(1,1): warning C4819: 현재 코드 페이지(949)에서 표시할 수 없는 문자가 파일에 들어 있습니다. 데이터가 손실되지 않게 하려면 해당 파일을 유니코드 형식으로 저장하십시오.
  (소스 파일 'Component/ProjectileMovementComponent.cpp'을(를) 컴파일하는 중)
  
  코드를 생성하고 있습니다...
C:\Users\assort_75\Desktop\Git\GameEngine\Component\Animation2DSequence.cpp(25,1): warning C4172: 지역 변수 또는 임시 의 주소를 반환하는 중
  컴파일하고 있습니다...
  SceneComponent.cpp
C:\Users\assort_75\Desktop\Git\GameEngine\Object.h(1,1): warning C4819: 현재 코드 페이지(949)에서 표시할 수 없는 문자가 파일에 들어 있습니다. 데이터가 손실되지 않게 하려면 해당 파일을 유니코드 형식으로 저장하십시오.
  (소스 파일 'Component/SceneComponent.cpp'을(를) 컴파일하는 중)
  
C:\Users\assort_75\Desktop\Git\GameEngine\Matrix.h(1,1): warning C4819: 현재 코드 페이지(949)에서 표시할 수 없는 문자가 파일에 들어 있습니다. 데이터가 손실되지 않게 하려면 해당 파일을 유니코드 형식으로 저장하십시오.
  (소스 파일 'Component/SceneComponent.cpp'을(를) 컴파일하는 중)
  
C:\Users\assort_75\Desktop\Git\GameEngine\Vector2.h(1,1): warning C4819: 현재 코드 페이지(949)에서 표시할 수 없는 문자가 파일에 들어 있습니다. 데이터가 손실되지 않게 하려면 해당 파일을 유니코드 형식으로 저장하십시오.
  (소스 파일 'Component/SceneComponent.cpp'을(를) 컴파일하는 중)
  
  Device.cpp
C:\Users\assort_75\Desktop\Git\GameEngine\Device.cpp(1,1): warning C4819: 현재 코드 페이지(949)에서 표시할 수 없는 문자가 파일에 들어 있습니다. 데이터가 손실되지 않게 하려면 해당 파일을 유니코드 형식으로 저장하십시오.
C:\Users\assort_75\Desktop\Git\GameEngine\Device.h(1,1): warning C4819: 현재 코드 페이지(949)에서 표시할 수 없는 문자가 파일에 들어 있습니다. 데이터가 손실되지 않게 하려면 해당 파일을 유니코드 형식으로 저장하십시오.
  (소스 파일 'Device.cpp'을(를) 컴파일하는 중)
  
C:\Users\assort_75\Desktop\Git\GameEngine\Matrix.h(1,1): warning C4819: 현재 코드 페이지(949)에서 표시할 수 없는 문자가 파일에 들어 있습니다. 데이터가 손실되지 않게 하려면 해당 파일을 유니코드 형식으로 저장하십시오.
  (소스 파일 'Device.cpp'을(를) 컴파일하는 중)
  
C:\Users\assort_75\Desktop\Git\GameEngine\Vector2.h(1,1): warning C4819: 현재 코드 페이지(949)에서 표시할 수 없는 문자가 파일에 들어 있습니다. 데이터가 손실되지 않게 하려면 해당 파일을 유니코드 형식으로 저장하십시오.
  (소스 파일 'Device.cpp'을(를) 컴파일하는 중)
  
  Engine.cpp
C:\Users\assort_75\Desktop\Git\GameEngine\Engine.cpp(1,1): warning C4819: 현재 코드 페이지(949)에서 표시할 수 없는 문자가 파일에 들어 있습니다. 데이터가 손실되지 않게 하려면 해당 파일을 유니코드 형식으로 저장하십시오.
C:\Users\assort_75\Desktop\Git\GameEngine\Engine.h(1,1): warning C4819: 현재 코드 페이지(949)에서 표시할 수 없는 문자가 파일에 들어 있습니다. 데이터가 손실되지 않게 하려면 해당 파일을 유니코드 형식으로 저장하십시오.
  (소스 파일 'Engine.cpp'을(를) 컴파일하는 중)
  
C:\Users\assort_75\Desktop\Git\GameEngine\Matrix.h(1,1): warning C4819: 현재 코드 페이지(949)에서 표시할 수 없는 문자가 파일에 들어 있습니다. 데이터가 손실되지 않게 하려면 해당 파일을 유니코드 형식으로 저장하십시오.
  (소스 파일 'Engine.cpp'을(를) 컴파일하는 중)
  
C:\Users\assort_75\Desktop\Git\GameEngine\Vector2.h(1,1): warning C4819: 현재 코드 페이지(949)에서 표시할 수 없는 문자가 파일에 들어 있습니다. 데이터가 손실되지 않게 하려면 해당 파일을 유니코드 형식으로 저장하십시오.
  (소스 파일 'Engine.cpp'을(를) 컴파일하는 중)
  
C:\Users\assort_75\Desktop\Git\GameEngine\Object.h(1,1): warning C4819: 현재 코드 페이지(949)에서 표시할 수 없는 문자가 파일에 들어 있습니다. 데이터가 손실되지 않게 하려면 해당 파일을 유니코드 형식으로 저장하십시오.
  (소스 파일 'Engine.cpp'을(를) 컴파일하는 중)
  
C:\Users\assort_75\Desktop\Git\GameEngine\Timer.h(1,1): warning C4819: 현재 코드 페이지(949)에서 표시할 수 없는 문자가 파일에 들어 있습니다. 데이터가 손실되지 않게 하려면 해당 파일을 유니코드 형식으로 저장하십시오.
  (소스 파일 'Engine.cpp'을(를) 컴파일하는 중)
  
C:\Users\assort_75\Desktop\Git\GameEngine\Device.h(1,1): warning C4819: 현재 코드 페이지(949)에서 표시할 수 없는 문자가 파일에 들어 있습니다. 데이터가 손실되지 않게 하려면 해당 파일을 유니코드 형식으로 저장하십시오.
  (소스 파일 'Engine.cpp'을(를) 컴파일하는 중)
  
C:\Users\assort_75\Desktop\Git\GameEngine\Object\GameObject.h(1,1): warning C4819: 현재 코드 페이지(949)에서 표시할 수 없는 문자가 파일에 들어 있습니다. 데이터가 손실되지 않게 하려면 해당 파일을 유니코드 형식으로 저장하십시오.
  (소스 파일 'Engine.cpp'을(를) 컴파일하는 중)
  
C:\Users\assort_75\Desktop\Git\GameEngine\World\CameraManager.h(1,1): warning C4819: 현재 코드 페이지(949)에서 표시할 수 없는 문자가 파일에 들어 있습니다. 데이터가 손실되지 않게 하려면 해당 파일을 유니코드 형식으로 저장하십시오.
  (소스 파일 'Engine.cpp'을(를) 컴파일하는 중)
  
C:\Users\assort_75\Desktop\Git\GameEngine\Asset\Mesh\Mesh.h(1,1): warning C4819: 현재 코드 페이지(949)에서 표시할 수 없는 문자가 파일에 들어 있습니다. 데이터가 손실되지 않게 하려면 해당 파일을 유니코드 형식으로 저장하십시오.
  (소스 파일 'Engine.cpp'을(를) 컴파일하는 중)
  
C:\Users\assort_75\Desktop\Git\GameEngine\Asset\Material\Material.h(1,1): warning C4819: 현재 코드 페이지(949)에서 표시할 수 없는 문자가 파일에 들어 있습니다. 데이터가 손실되지 않게 하려면 해당 파일을 유니코드 형식으로 저장하십시오.
  (소스 파일 'Engine.cpp'을(를) 컴파일하는 중)
  
C:\Users\assort_75\Desktop\Git\GameEngine\Asset\Shader\CBufferContainer.h(1,1): warning C4819: 현재 코드 페이지(949)에서 표시할 수 없는 문자가 파일에 들어 있습니다. 데이터가 손실되지 않게 하려면 해당 파일을 유니코드 형식으로 저장하십시오.
  (소스 파일 'Engine.cpp'을(를) 컴파일하는 중)
  
C:\Users\assort_75\Desktop\Git\GameEngine\Asset\Texture\Texture.h(1,1): warning C4819: 현재 코드 페이지(949)에서 표시할 수 없는 문자가 파일에 들어 있습니다. 데이터가 손실되지 않게 하려면 해당 파일을 유니코드 형식으로 저장하십시오.
  (소스 파일 'Engine.cpp'을(를) 컴파일하는 중)
  
C:\Users\assort_75\Desktop\Git\GameEngine\Asset\Animation2D\Animation2D.h(1,1): warning C4819: 현재 코드 페이지(949)에서 표시할 수 없는 문자가 파일에 들어 있습니다. 데이터가 손실되지 않게 하려면 해당 파일을 유니코드 형식으로 저장하십시오.
  (소스 파일 'Engine.cpp'을(를) 컴파일하는 중)
  
C:\Users\assort_75\Desktop\Git\GameEngine\World\Input.h(1,1): warning C4819: 현재 코드 페이지(949)에서 표시할 수 없는 문자가 파일에 들어 있습니다. 데이터가 손실되지 않게 하려면 해당 파일을 유니코드 형식으로 저장하십시오.
  (소스 파일 'Engine.cpp'을(를) 컴파일하는 중)
  
C:\Users\assort_75\Desktop\Git\GameEngine\Asset\Shader\ShaderManager.h(1,1): warning C4819: 현재 코드 페이지(949)에서 표시할 수 없는 문자가 파일에 들어 있습니다. 데이터가 손실되지 않게 하려면 해당 파일을 유니코드 형식으로 저장하십시오.
  (소스 파일 'Engine.cpp'을(를) 컴파일하는 중)
  
C:\Users\assort_75\Desktop\Git\GameEngine\Asset\Shader\ConstantBufferData.h(1,1): warning C4819: 현재 코드 페이지(949)에서 표시할 수 없는 문자가 파일에 들어 있습니다. 데이터가 손실되지 않게 하려면 해당 파일을 유니코드 형식으로 저장하십시오.
  (소스 파일 'Engine.cpp'을(를) 컴파일하는 중)
  
  EngineSetting.cpp
C:\Users\assort_75\Desktop\Git\GameEngine\Matrix.h(1,1): warning C4819: 현재 코드 페이지(949)에서 표시할 수 없는 문자가 파일에 들어 있습니다. 데이터가 손실되지 않게 하려면 해당 파일을 유니코드 형식으로 저장하십시오.
  (소스 파일 'EngineSetting.cpp'을(를) 컴파일하는 중)
  
C:\Users\assort_75\Desktop\Git\GameEngine\Vector2.h(1,1): warning C4819: 현재 코드 페이지(949)에서 표시할 수 없는 문자가 파일에 들어 있습니다. 데이터가 손실되지 않게 하려면 해당 파일을 유니코드 형식으로 저장하십시오.
  (소스 파일 'EngineSetting.cpp'을(를) 컴파일하는 중)
  
  Object.cpp
C:\Users\assort_75\Desktop\Git\GameEngine\Object.h(1,1): warning C4819: 현재 코드 페이지(949)에서 표시할 수 없는 문자가 파일에 들어 있습니다. 데이터가 손실되지 않게 하려면 해당 파일을 유니코드 형식으로 저장하십시오.
  (소스 파일 'Object.cpp'을(를) 컴파일하는 중)
  
C:\Users\assort_75\Desktop\Git\GameEngine\Matrix.h(1,1): warning C4819: 현재 코드 페이지(949)에서 표시할 수 없는 문자가 파일에 들어 있습니다. 데이터가 손실되지 않게 하려면 해당 파일을 유니코드 형식으로 저장하십시오.
  (소스 파일 'Object.cpp'을(를) 컴파일하는 중)
  
C:\Users\assort_75\Desktop\Git\GameEngine\Vector2.h(1,1): warning C4819: 현재 코드 페이지(949)에서 표시할 수 없는 문자가 파일에 들어 있습니다. 데이터가 손실되지 않게 하려면 해당 파일을 유니코드 형식으로 저장하십시오.
  (소스 파일 'Object.cpp'을(를) 컴파일하는 중)
  
  GameObject.cpp
C:\Users\assort_75\Desktop\Git\GameEngine\Object\GameObject.cpp(1,1): warning C4819: 현재 코드 페이지(949)에서 표시할 수 없는 문자가 파일에 들어 있습니다. 데이터가 손실되지 않게 하려면 해당 파일을 유니코드 형식으로 저장하십시오.
C:\Users\assort_75\Desktop\Git\GameEngine\Object\GameObject.h(1,1): warning C4819: 현재 코드 페이지(949)에서 표시할 수 없는 문자가 파일에 들어 있습니다. 데이터가 손실되지 않게 하려면 해당 파일을 유니코드 형식으로 저장하십시오.
  (소스 파일 'Object/GameObject.cpp'을(를) 컴파일하는 중)
  
C:\Users\assort_75\Desktop\Git\GameEngine\Object.h(1,1): warning C4819: 현재 코드 페이지(949)에서 표시할 수 없는 문자가 파일에 들어 있습니다. 데이터가 손실되지 않게 하려면 해당 파일을 유니코드 형식으로 저장하십시오.
  (소스 파일 'Object/GameObject.cpp'을(를) 컴파일하는 중)
  
C:\Users\assort_75\Desktop\Git\GameEngine\Matrix.h(1,1): warning C4819: 현재 코드 페이지(949)에서 표시할 수 없는 문자가 파일에 들어 있습니다. 데이터가 손실되지 않게 하려면 해당 파일을 유니코드 형식으로 저장하십시오.
  (소스 파일 'Object/GameObject.cpp'을(를) 컴파일하는 중)
  
C:\Users\assort_75\Desktop\Git\GameEngine\Vector2.h(1,1): warning C4819: 현재 코드 페이지(949)에서 표시할 수 없는 문자가 파일에 들어 있습니다. 데이터가 손실되지 않게 하려면 해당 파일을 유니코드 형식으로 저장하십시오.
  (소스 파일 'Object/GameObject.cpp'을(를) 컴파일하는 중)
  
  BlendState.cpp
C:\Users\assort_75\Desktop\Git\GameEngine\Render\BlendState.cpp(1,1): warning C4819: 현재 코드 페이지(949)에서 표시할 수 없는 문자가 파일에 들어 있습니다. 데이터가 손실되지 않게 하려면 해당 파일을 유니코드 형식으로 저장하십시오.
C:\Users\assort_75\Desktop\Git\GameEngine\Render\BlendState.h(1,1): warning C4819: 현재 코드 페이지(949)에서 표시할 수 없는 문자가 파일에 들어 있습니다. 데이터가 손실되지 않게 하려면 해당 파일을 유니코드 형식으로 저장하십시오.
  (소스 파일 'Render/BlendState.cpp'을(를) 컴파일하는 중)
  
C:\Users\assort_75\Desktop\Git\GameEngine\Matrix.h(1,1): warning C4819: 현재 코드 페이지(949)에서 표시할 수 없는 문자가 파일에 들어 있습니다. 데이터가 손실되지 않게 하려면 해당 파일을 유니코드 형식으로 저장하십시오.
  (소스 파일 'Render/BlendState.cpp'을(를) 컴파일하는 중)
  
C:\Users\assort_75\Desktop\Git\GameEngine\Vector2.h(1,1): warning C4819: 현재 코드 페이지(949)에서 표시할 수 없는 문자가 파일에 들어 있습니다. 데이터가 손실되지 않게 하려면 해당 파일을 유니코드 형식으로 저장하십시오.
  (소스 파일 'Render/BlendState.cpp'을(를) 컴파일하는 중)
  
C:\Users\assort_75\Desktop\Git\GameEngine\Device.h(1,1): warning C4819: 현재 코드 페이지(949)에서 표시할 수 없는 문자가 파일에 들어 있습니다. 데이터가 손실되지 않게 하려면 해당 파일을 유니코드 형식으로 저장하십시오.
  (소스 파일 'Render/BlendState.cpp'을(를) 컴파일하는 중)
  
  DepthStencilState.cpp
C:\Users\assort_75\Desktop\Git\GameEngine\Render\DepthStencilState.cpp(1,1): warning C4819: 현재 코드 페이지(949)에서 표시할 수 없는 문자가 파일에 들어 있습니다. 데이터가 손실되지 않게 하려면 해당 파일을 유니코드 형식으로 저장하십시오.
C:\Users\assort_75\Desktop\Git\GameEngine\Render\DepthStencilState.h(1,1): warning C4819: 현재 코드 페이지(949)에서 표시할 수 없는 문자가 파일에 들어 있습니다. 데이터가 손실되지 않게 하려면 해당 파일을 유니코드 형식으로 저장하십시오.
  (소스 파일 'Render/DepthStencilState.cpp'을(를) 컴파일하는 중)
  
C:\Users\assort_75\Desktop\Git\GameEngine\Matrix.h(1,1): warning C4819: 현재 코드 페이지(949)에서 표시할 수 없는 문자가 파일에 들어 있습니다. 데이터가 손실되지 않게 하려면 해당 파일을 유니코드 형식으로 저장하십시오.
  (소스 파일 'Render/DepthStencilState.cpp'을(를) 컴파일하는 중)
  
C:\Users\assort_75\Desktop\Git\GameEngine\Vector2.h(1,1): warning C4819: 현재 코드 페이지(949)에서 표시할 수 없는 문자가 파일에 들어 있습니다. 데이터가 손실되지 않게 하려면 해당 파일을 유니코드 형식으로 저장하십시오.
  (소스 파일 'Render/DepthStencilState.cpp'을(를) 컴파일하는 중)
  
C:\Users\assort_75\Desktop\Git\GameEngine\Device.h(1,1): warning C4819: 현재 코드 페이지(949)에서 표시할 수 없는 문자가 파일에 들어 있습니다. 데이터가 손실되지 않게 하려면 해당 파일을 유니코드 형식으로 저장하십시오.
  (소스 파일 'Render/DepthStencilState.cpp'을(를) 컴파일하는 중)
  
  RenderManager.cpp
C:\Users\assort_75\Desktop\Git\GameEngine\Matrix.h(1,1): warning C4819: 현재 코드 페이지(949)에서 표시할 수 없는 문자가 파일에 들어 있습니다. 데이터가 손실되지 않게 하려면 해당 파일을 유니코드 형식으로 저장하십시오.
  (소스 파일 'Render/RenderManager.cpp'을(를) 컴파일하는 중)
  
C:\Users\assort_75\Desktop\Git\GameEngine\Vector2.h(1,1): warning C4819: 현재 코드 페이지(949)에서 표시할 수 없는 문자가 파일에 들어 있습니다. 데이터가 손실되지 않게 하려면 해당 파일을 유니코드 형식으로 저장하십시오.
  (소스 파일 'Render/RenderManager.cpp'을(를) 컴파일하는 중)
  
C:\Users\assort_75\Desktop\Git\GameEngine\Render\BlendState.h(1,1): warning C4819: 현재 코드 페이지(949)에서 표시할 수 없는 문자가 파일에 들어 있습니다. 데이터가 손실되지 않게 하려면 해당 파일을 유니코드 형식으로 저장하십시오.
  (소스 파일 'Render/RenderManager.cpp'을(를) 컴파일하는 중)
  
C:\Users\assort_75\Desktop\Git\GameEngine\Render\DepthStencilState.h(1,1): warning C4819: 현재 코드 페이지(949)에서 표시할 수 없는 문자가 파일에 들어 있습니다. 데이터가 손실되지 않게 하려면 해당 파일을 유니코드 형식으로 저장하십시오.
  (소스 파일 'Render/RenderManager.cpp'을(를) 컴파일하는 중)
  
C:\Users\assort_75\Desktop\Git\GameEngine\Object.h(1,1): warning C4819: 현재 코드 페이지(949)에서 표시할 수 없는 문자가 파일에 들어 있습니다. 데이터가 손실되지 않게 하려면 해당 파일을 유니코드 형식으로 저장하십시오.
  (소스 파일 'Render/RenderManager.cpp'을(를) 컴파일하는 중)
  
  RenderState.cpp
C:\Users\assort_75\Desktop\Git\GameEngine\Matrix.h(1,1): warning C4819: 현재 코드 페이지(949)에서 표시할 수 없는 문자가 파일에 들어 있습니다. 데이터가 손실되지 않게 하려면 해당 파일을 유니코드 형식으로 저장하십시오.
  (소스 파일 'Render/RenderState.cpp'을(를) 컴파일하는 중)
  
C:\Users\assort_75\Desktop\Git\GameEngine\Vector2.h(1,1): warning C4819: 현재 코드 페이지(949)에서 표시할 수 없는 문자가 파일에 들어 있습니다. 데이터가 손실되지 않게 하려면 해당 파일을 유니코드 형식으로 저장하십시오.
  (소스 파일 'Render/RenderState.cpp'을(를) 컴파일하는 중)
  
  Timer.cpp
C:\Users\assort_75\Desktop\Git\GameEngine\Timer.cpp(1,1): warning C4819: 현재 코드 페이지(949)에서 표시할 수 없는 문자가 파일에 들어 있습니다. 데이터가 손실되지 않게 하려면 해당 파일을 유니코드 형식으로 저장하십시오.
C:\Users\assort_75\Desktop\Git\GameEngine\Timer.h(1,1): warning C4819: 현재 코드 페이지(949)에서 표시할 수 없는 문자가 파일에 들어 있습니다. 데이터가 손실되지 않게 하려면 해당 파일을 유니코드 형식으로 저장하십시오.
  (소스 파일 'Timer.cpp'을(를) 컴파일하는 중)
  
C:\Users\assort_75\Desktop\Git\GameEngine\Matrix.h(1,1): warning C4819: 현재 코드 페이지(949)에서 표시할 수 없는 문자가 파일에 들어 있습니다. 데이터가 손실되지 않게 하려면 해당 파일을 유니코드 형식으로 저장하십시오.
  (소스 파일 'Timer.cpp'을(를) 컴파일하는 중)
  
C:\Users\assort_75\Desktop\Git\GameEngine\Vector2.h(1,1): warning C4819: 현재 코드 페이지(949)에서 표시할 수 없는 문자가 파일에 들어 있습니다. 데이터가 손실되지 않게 하려면 해당 파일을 유니코드 형식으로 저장하십시오.
  (소스 파일 'Timer.cpp'을(를) 컴파일하는 중)
  
  CameraManager.cpp
C:\Users\assort_75\Desktop\Git\GameEngine\World\CameraManager.cpp(1,1): warning C4819: 현재 코드 페이지(949)에서 표시할 수 없는 문자가 파일에 들어 있습니다. 데이터가 손실되지 않게 하려면 해당 파일을 유니코드 형식으로 저장하십시오.
C:\Users\assort_75\Desktop\Git\GameEngine\World\CameraManager.h(1,1): warning C4819: 현재 코드 페이지(949)에서 표시할 수 없는 문자가 파일에 들어 있습니다. 데이터가 손실되지 않게 하려면 해당 파일을 유니코드 형식으로 저장하십시오.
  (소스 파일 'World/CameraManager.cpp'을(를) 컴파일하는 중)
  
C:\Users\assort_75\Desktop\Git\GameEngine\Matrix.h(1,1): warning C4819: 현재 코드 페이지(949)에서 표시할 수 없는 문자가 파일에 들어 있습니다. 데이터가 손실되지 않게 하려면 해당 파일을 유니코드 형식으로 저장하십시오.
  (소스 파일 'World/CameraManager.cpp'을(를) 컴파일하는 중)
  
C:\Users\assort_75\Desktop\Git\GameEngine\Vector2.h(1,1): warning C4819: 현재 코드 페이지(949)에서 표시할 수 없는 문자가 파일에 들어 있습니다. 데이터가 손실되지 않게 하려면 해당 파일을 유니코드 형식으로 저장하십시오.
  (소스 파일 'World/CameraManager.cpp'을(를) 컴파일하는 중)
  
C:\Users\assort_75\Desktop\Git\GameEngine\Object.h(1,1): warning C4819: 현재 코드 페이지(949)에서 표시할 수 없는 문자가 파일에 들어 있습니다. 데이터가 손실되지 않게 하려면 해당 파일을 유니코드 형식으로 저장하십시오.
  (소스 파일 'World/CameraManager.cpp'을(를) 컴파일하는 중)
  
  Input.cpp
C:\Users\assort_75\Desktop\Git\GameEngine\World\Input.cpp(1,1): warning C4819: 현재 코드 페이지(949)에서 표시할 수 없는 문자가 파일에 들어 있습니다. 데이터가 손실되지 않게 하려면 해당 파일을 유니코드 형식으로 저장하십시오.
C:\Users\assort_75\Desktop\Git\GameEngine\World\Input.h(1,1): warning C4819: 현재 코드 페이지(949)에서 표시할 수 없는 문자가 파일에 들어 있습니다. 데이터가 손실되지 않게 하려면 해당 파일을 유니코드 형식으로 저장하십시오.
  (소스 파일 'World/Input.cpp'을(를) 컴파일하는 중)
  
C:\Users\assort_75\Desktop\Git\GameEngine\Matrix.h(1,1): warning C4819: 현재 코드 페이지(949)에서 표시할 수 없는 문자가 파일에 들어 있습니다. 데이터가 손실되지 않게 하려면 해당 파일을 유니코드 형식으로 저장하십시오.
  (소스 파일 'World/Input.cpp'을(를) 컴파일하는 중)
  
C:\Users\assort_75\Desktop\Git\GameEngine\Vector2.h(1,1): warning C4819: 현재 코드 페이지(949)에서 표시할 수 없는 문자가 파일에 들어 있습니다. 데이터가 손실되지 않게 하려면 해당 파일을 유니코드 형식으로 저장하십시오.
  (소스 파일 'World/Input.cpp'을(를) 컴파일하는 중)
  
C:\Users\assort_75\Desktop\Git\GameEngine\Engine.h(1,1): warning C4819: 현재 코드 페이지(949)에서 표시할 수 없는 문자가 파일에 들어 있습니다. 데이터가 손실되지 않게 하려면 해당 파일을 유니코드 형식으로 저장하십시오.
  (소스 파일 'World/Input.cpp'을(를) 컴파일하는 중)
  
C:\Users\assort_75\Desktop\Git\GameEngine\Object.h(1,1): warning C4819: 현재 코드 페이지(949)에서 표시할 수 없는 문자가 파일에 들어 있습니다. 데이터가 손실되지 않게 하려면 해당 파일을 유니코드 형식으로 저장하십시오.
  (소스 파일 'World/Input.cpp'을(를) 컴파일하는 중)
  
C:\Users\assort_75\Desktop\Git\GameEngine\Device.h(1,1): warning C4819: 현재 코드 페이지(949)에서 표시할 수 없는 문자가 파일에 들어 있습니다. 데이터가 손실되지 않게 하려면 해당 파일을 유니코드 형식으로 저장하십시오.
  (소스 파일 'World/Input.cpp'을(를) 컴파일하는 중)
  
  World.cpp
C:\Users\assort_75\Desktop\Git\GameEngine\Matrix.h(1,1): warning C4819: 현재 코드 페이지(949)에서 표시할 수 없는 문자가 파일에 들어 있습니다. 데이터가 손실되지 않게 하려면 해당 파일을 유니코드 형식으로 저장하십시오.
  (소스 파일 'World/World.cpp'을(를) 컴파일하는 중)
  
C:\Users\assort_75\Desktop\Git\GameEngine\Vector2.h(1,1): warning C4819: 현재 코드 페이지(949)에서 표시할 수 없는 문자가 파일에 들어 있습니다. 데이터가 손실되지 않게 하려면 해당 파일을 유니코드 형식으로 저장하십시오.
  (소스 파일 'World/World.cpp'을(를) 컴파일하는 중)
  
C:\Users\assort_75\Desktop\Git\GameEngine\Object\GameObject.h(1,1): warning C4819: 현재 코드 페이지(949)에서 표시할 수 없는 문자가 파일에 들어 있습니다. 데이터가 손실되지 않게 하려면 해당 파일을 유니코드 형식으로 저장하십시오.
  (소스 파일 'World/World.cpp'을(를) 컴파일하는 중)
  
C:\Users\assort_75\Desktop\Git\GameEngine\Object.h(1,1): warning C4819: 현재 코드 페이지(949)에서 표시할 수 없는 문자가 파일에 들어 있습니다. 데이터가 손실되지 않게 하려면 해당 파일을 유니코드 형식으로 저장하십시오.
  (소스 파일 'World/World.cpp'을(를) 컴파일하는 중)
  
C:\Users\assort_75\Desktop\Git\GameEngine\World\CameraManager.h(1,1): warning C4819: 현재 코드 페이지(949)에서 표시할 수 없는 문자가 파일에 들어 있습니다. 데이터가 손실되지 않게 하려면 해당 파일을 유니코드 형식으로 저장하십시오.
  (소스 파일 'World/World.cpp'을(를) 컴파일하는 중)
  
C:\Users\assort_75\Desktop\Git\GameEngine\Asset\Mesh\Mesh.h(1,1): warning C4819: 현재 코드 페이지(949)에서 표시할 수 없는 문자가 파일에 들어 있습니다. 데이터가 손실되지 않게 하려면 해당 파일을 유니코드 형식으로 저장하십시오.
  (소스 파일 'World/World.cpp'을(를) 컴파일하는 중)
  
C:\Users\assort_75\Desktop\Git\GameEngine\Asset\Material\Material.h(1,1): warning C4819: 현재 코드 페이지(949)에서 표시할 수 없는 문자가 파일에 들어 있습니다. 데이터가 손실되지 않게 하려면 해당 파일을 유니코드 형식으로 저장하십시오.
  (소스 파일 'World/World.cpp'을(를) 컴파일하는 중)
  
C:\Users\assort_75\Desktop\Git\GameEngine\Asset\Shader\CBufferContainer.h(1,1): warning C4819: 현재 코드 페이지(949)에서 표시할 수 없는 문자가 파일에 들어 있습니다. 데이터가 손실되지 않게 하려면 해당 파일을 유니코드 형식으로 저장하십시오.
  (소스 파일 'World/World.cpp'을(를) 컴파일하는 중)
  
C:\Users\assort_75\Desktop\Git\GameEngine\Asset\Texture\Texture.h(1,1): warning C4819: 현재 코드 페이지(949)에서 표시할 수 없는 문자가 파일에 들어 있습니다. 데이터가 손실되지 않게 하려면 해당 파일을 유니코드 형식으로 저장하십시오.
  (소스 파일 'World/World.cpp'을(를) 컴파일하는 중)
  
C:\Users\assort_75\Desktop\Git\GameEngine\Asset\Animation2D\Animation2D.h(1,1): warning C4819: 현재 코드 페이지(949)에서 표시할 수 없는 문자가 파일에 들어 있습니다. 데이터가 손실되지 않게 하려면 해당 파일을 유니코드 형식으로 저장하십시오.
  (소스 파일 'World/World.cpp'을(를) 컴파일하는 중)
  
C:\Users\assort_75\Desktop\Git\GameEngine\World\Input.h(1,1): warning C4819: 현재 코드 페이지(949)에서 표시할 수 없는 문자가 파일에 들어 있습니다. 데이터가 손실되지 않게 하려면 해당 파일을 유니코드 형식으로 저장하십시오.
  (소스 파일 'World/World.cpp'을(를) 컴파일하는 중)
  
  WorldAssetManager.cpp
C:\Users\assort_75\Desktop\Git\GameEngine\Matrix.h(1,1): warning C4819: 현재 코드 페이지(949)에서 표시할 수 없는 문자가 파일에 들어 있습니다. 데이터가 손실되지 않게 하려면 해당 파일을 유니코드 형식으로 저장하십시오.
  (소스 파일 'World/WorldAssetManager.cpp'을(를) 컴파일하는 중)
  
C:\Users\assort_75\Desktop\Git\GameEngine\Vector2.h(1,1): warning C4819: 현재 코드 페이지(949)에서 표시할 수 없는 문자가 파일에 들어 있습니다. 데이터가 손실되지 않게 하려면 해당 파일을 유니코드 형식으로 저장하십시오.
  (소스 파일 'World/WorldAssetManager.cpp'을(를) 컴파일하는 중)
  
C:\Users\assort_75\Desktop\Git\GameEngine\Asset\Mesh\Mesh.h(1,1): warning C4819: 현재 코드 페이지(949)에서 표시할 수 없는 문자가 파일에 들어 있습니다. 데이터가 손실되지 않게 하려면 해당 파일을 유니코드 형식으로 저장하십시오.
  (소스 파일 'World/WorldAssetManager.cpp'을(를) 컴파일하는 중)
  
C:\Users\assort_75\Desktop\Git\GameEngine\Object.h(1,1): warning C4819: 현재 코드 페이지(949)에서 표시할 수 없는 문자가 파일에 들어 있습니다. 데이터가 손실되지 않게 하려면 해당 파일을 유니코드 형식으로 저장하십시오.
  (소스 파일 'World/WorldAssetManager.cpp'을(를) 컴파일하는 중)
  
C:\Users\assort_75\Desktop\Git\GameEngine\Asset\Material\Material.h(1,1): warning C4819: 현재 코드 페이지(949)에서 표시할 수 없는 문자가 파일에 들어 있습니다. 데이터가 손실되지 않게 하려면 해당 파일을 유니코드 형식으로 저장하십시오.
  (소스 파일 'World/WorldAssetManager.cpp'을(를) 컴파일하는 중)
  
C:\Users\assort_75\Desktop\Git\GameEngine\Asset\Shader\CBufferContainer.h(1,1): warning C4819: 현재 코드 페이지(949)에서 표시할 수 없는 문자가 파일에 들어 있습니다. 데이터가 손실되지 않게 하려면 해당 파일을 유니코드 형식으로 저장하십시오.
  (소스 파일 'World/WorldAssetManager.cpp'을(를) 컴파일하는 중)
  
C:\Users\assort_75\Desktop\Git\GameEngine\Asset\Texture\Texture.h(1,1): warning C4819: 현재 코드 페이지(949)에서 표시할 수 없는 문자가 파일에 들어 있습니다. 데이터가 손실되지 않게 하려면 해당 파일을 유니코드 형식으로 저장하십시오.
  (소스 파일 'World/WorldAssetManager.cpp'을(를) 컴파일하는 중)
  
C:\Users\assort_75\Desktop\Git\GameEngine\Asset\Animation2D\Animation2D.h(1,1): warning C4819: 현재 코드 페이지(949)에서 표시할 수 없는 문자가 파일에 들어 있습니다. 데이터가 손실되지 않게 하려면 해당 파일을 유니코드 형식으로 저장하십시오.
  (소스 파일 'World/WorldAssetManager.cpp'을(를) 컴파일하는 중)
  
  WorldCollision.cpp
C:\Users\assort_75\Desktop\Git\GameEngine\World\WorldCollision.cpp(1,1): warning C4819: 현재 코드 페이지(949)에서 표시할 수 없는 문자가 파일에 들어 있습니다. 데이터가 손실되지 않게 하려면 해당 파일을 유니코드 형식으로 저장하십시오.
C:\Users\assort_75\Desktop\Git\GameEngine\Matrix.h(1,1): warning C4819: 현재 코드 페이지(949)에서 표시할 수 없는 문자가 파일에 들어 있습니다. 데이터가 손실되지 않게 하려면 해당 파일을 유니코드 형식으로 저장하십시오.
  (소스 파일 'World/WorldCollision.cpp'을(를) 컴파일하는 중)
  
C:\Users\assort_75\Desktop\Git\GameEngine\Vector2.h(1,1): warning C4819: 현재 코드 페이지(949)에서 표시할 수 없는 문자가 파일에 들어 있습니다. 데이터가 손실되지 않게 하려면 해당 파일을 유니코드 형식으로 저장하십시오.
  (소스 파일 'World/WorldCollision.cpp'을(를) 컴파일하는 중)
  
C:\Users\assort_75\Desktop\Git\GameEngine\Object.h(1,1): warning C4819: 현재 코드 페이지(949)에서 표시할 수 없는 문자가 파일에 들어 있습니다. 데이터가 손실되지 않게 하려면 해당 파일을 유니코드 형식으로 저장하십시오.
  (소스 파일 'World/WorldCollision.cpp'을(를) 컴파일하는 중)
  
C:\Users\assort_75\Desktop\Git\GameEngine\Object\GameObject.h(1,1): warning C4819: 현재 코드 페이지(949)에서 표시할 수 없는 문자가 파일에 들어 있습니다. 데이터가 손실되지 않게 하려면 해당 파일을 유니코드 형식으로 저장하십시오.
  (소스 파일 'World/WorldCollision.cpp'을(를) 컴파일하는 중)
  
  WorldManager.cpp
C:\Users\assort_75\Desktop\Git\GameEngine\Matrix.h(1,1): warning C4819: 현재 코드 페이지(949)에서 표시할 수 없는 문자가 파일에 들어 있습니다. 데이터가 손실되지 않게 하려면 해당 파일을 유니코드 형식으로 저장하십시오.
  (소스 파일 'World/WorldManager.cpp'을(를) 컴파일하는 중)
  
C:\Users\assort_75\Desktop\Git\GameEngine\Vector2.h(1,1): warning C4819: 현재 코드 페이지(949)에서 표시할 수 없는 문자가 파일에 들어 있습니다. 데이터가 손실되지 않게 하려면 해당 파일을 유니코드 형식으로 저장하십시오.
  (소스 파일 'World/WorldManager.cpp'을(를) 컴파일하는 중)
  
C:\Users\assort_75\Desktop\Git\GameEngine\Object\GameObject.h(1,1): warning C4819: 현재 코드 페이지(949)에서 표시할 수 없는 문자가 파일에 들어 있습니다. 데이터가 손실되지 않게 하려면 해당 파일을 유니코드 형식으로 저장하십시오.
  (소스 파일 'World/WorldManager.cpp'을(를) 컴파일하는 중)
  
C:\Users\assort_75\Desktop\Git\GameEngine\Object.h(1,1): warning C4819: 현재 코드 페이지(949)에서 표시할 수 없는 문자가 파일에 들어 있습니다. 데이터가 손실되지 않게 하려면 해당 파일을 유니코드 형식으로 저장하십시오.
  (소스 파일 'World/WorldManager.cpp'을(를) 컴파일하는 중)
  
C:\Users\assort_75\Desktop\Git\GameEngine\World\CameraManager.h(1,1): warning C4819: 현재 코드 페이지(949)에서 표시할 수 없는 문자가 파일에 들어 있습니다. 데이터가 손실되지 않게 하려면 해당 파일을 유니코드 형식으로 저장하십시오.
  (소스 파일 'World/WorldManager.cpp'을(를) 컴파일하는 중)
  
C:\Users\assort_75\Desktop\Git\GameEngine\Asset\Mesh\Mesh.h(1,1): warning C4819: 현재 코드 페이지(949)에서 표시할 수 없는 문자가 파일에 들어 있습니다. 데이터가 손실되지 않게 하려면 해당 파일을 유니코드 형식으로 저장하십시오.
  (소스 파일 'World/WorldManager.cpp'을(를) 컴파일하는 중)
  
C:\Users\assort_75\Desktop\Git\GameEngine\Asset\Material\Material.h(1,1): warning C4819: 현재 코드 페이지(949)에서 표시할 수 없는 문자가 파일에 들어 있습니다. 데이터가 손실되지 않게 하려면 해당 파일을 유니코드 형식으로 저장하십시오.
  (소스 파일 'World/WorldManager.cpp'을(를) 컴파일하는 중)
  
C:\Users\assort_75\Desktop\Git\GameEngine\Asset\Shader\CBufferContainer.h(1,1): warning C4819: 현재 코드 페이지(949)에서 표시할 수 없는 문자가 파일에 들어 있습니다. 데이터가 손실되지 않게 하려면 해당 파일을 유니코드 형식으로 저장하십시오.
  (소스 파일 'World/WorldManager.cpp'을(를) 컴파일하는 중)
  
C:\Users\assort_75\Desktop\Git\GameEngine\Asset\Texture\Texture.h(1,1): warning C4819: 현재 코드 페이지(949)에서 표시할 수 없는 문자가 파일에 들어 있습니다. 데이터가 손실되지 않게 하려면 해당 파일을 유니코드 형식으로 저장하십시오.
  (소스 파일 'World/WorldManager.cpp'을(를) 컴파일하는 중)
  
C:\Users\assort_75\Desktop\Git\GameEngine\Asset\Animation2D\Animation2D.h(1,1): warning C4819: 현재 코드 페이지(949)에서 표시할 수 없는 문자가 파일에 들어 있습니다. 데이터가 손실되지 않게 하려면 해당 파일을 유니코드 형식으로 저장하십시오.
  (소스 파일 'World/WorldManager.cpp'을(를) 컴파일하는 중)
  
C:\Users\assort_75\Desktop\Git\GameEngine\World\Input.h(1,1): warning C4819: 현재 코드 페이지(949)에서 표시할 수 없는 문자가 파일에 들어 있습니다. 데이터가 손실되지 않게 하려면 해당 파일을 유니코드 형식으로 저장하십시오.
  (소스 파일 'World/WorldManager.cpp'을(를) 컴파일하는 중)
  
  코드를 생성하고 있습니다...
  GameEngine.vcxproj -> C:\Users\assort_75\Desktop\Git\Engine\Binary\GameEngine_Debug.lib
  .\EngineInfo.h
  .\Component\SceneComponent.h
  .\Render\RenderManager.h
  3개 파일이 복사되었습니다.
  파일을 찾을 수 없습니다-*.inl
  0개 파일이 복사되었습니다.
  0개 파일이 복사되었습니다.
